[0.012s] Invoking command in '/home/nikhilsai/bumperbot_ws/build/bumperbot_mapping': CMAKE_PREFIX_PATH=${CMAKE_PREFIX_PATH}:/home/nikhilsai/bumperbot_ws/install/bumperbot_py_examples:/opt/ros/humble /usr/bin/cmake --build /home/nikhilsai/bumperbot_ws/build/bumperbot_mapping -- -j28 -l28
[0.027s] -- Found ament_cmake: 1.3.11 (/opt/ros/humble/share/ament_cmake/cmake)
[0.126s] -- Found rclcpp: 16.0.11 (/opt/ros/humble/share/rclcpp/cmake)
[0.159s] -- Found rosidl_generator_c: 3.1.6 (/opt/ros/humble/share/rosidl_generator_c/cmake)
[0.162s] -- Found rosidl_adapter: 3.1.6 (/opt/ros/humble/share/rosidl_adapter/cmake)
[0.170s] -- Found rosidl_generator_cpp: 3.1.6 (/opt/ros/humble/share/rosidl_generator_cpp/cmake)
[0.183s] -- Using all available rosidl_typesupport_c: rosidl_typesupport_fastrtps_c;rosidl_typesupport_introspection_c
[0.197s] -- Using all available rosidl_typesupport_cpp: rosidl_typesupport_fastrtps_cpp;rosidl_typesupport_introspection_cpp
[0.236s] -- Found rmw_implementation_cmake: 6.1.2 (/opt/ros/humble/share/rmw_implementation_cmake/cmake)
[0.238s] -- Found rmw_fastrtps_cpp: 6.2.7 (/opt/ros/humble/share/rmw_fastrtps_cpp/cmake)
[0.317s] -- Using RMW implementation 'rmw_fastrtps_cpp' as default
[0.354s] -- Found rclpy: 3.3.15 (/opt/ros/humble/share/rclpy/cmake)
[0.354s] -- Found sensor_msgs: 4.2.4 (/opt/ros/humble/share/sensor_msgs/cmake)
[0.381s] -- Found nav_msgs: 4.2.4 (/opt/ros/humble/share/nav_msgs/cmake)
[0.398s] -- Found tf2_ros: 0.25.9 (/opt/ros/humble/share/tf2_ros/cmake)
[0.536s] -- Configuring done
[0.550s] -- Generating done
[0.555s] -- Build files have been written to: /home/nikhilsai/bumperbot_ws/build/bumperbot_mapping
[0.586s] [35m[1mConsolidate compiler generated dependencies of target mapping_with_known_poses[0m
[0.599s] [ 50%] [32m[1mLinking CXX executable mapping_with_known_poses[0m
[0.602s] [ 50%] Built target ament_cmake_python_copy_bumperbot_mapping
[0.738s] running egg_info
[0.738s] writing bumperbot_mapping.egg-info/PKG-INFO
[0.738s] writing dependency_links to bumperbot_mapping.egg-info/dependency_links.txt
[0.738s] writing top-level names to bumperbot_mapping.egg-info/top_level.txt
[0.739s] reading manifest file 'bumperbot_mapping.egg-info/SOURCES.txt'
[0.740s] writing manifest file 'bumperbot_mapping.egg-info/SOURCES.txt'
[0.758s] [ 50%] Built target ament_cmake_python_build_bumperbot_mapping_egg
[0.870s] [100%] Built target mapping_with_known_poses
[0.879s] Invoked command in '/home/nikhilsai/bumperbot_ws/build/bumperbot_mapping' returned '0': CMAKE_PREFIX_PATH=${CMAKE_PREFIX_PATH}:/home/nikhilsai/bumperbot_ws/install/bumperbot_py_examples:/opt/ros/humble /usr/bin/cmake --build /home/nikhilsai/bumperbot_ws/build/bumperbot_mapping -- -j28 -l28
[0.880s] Invoking command in '/home/nikhilsai/bumperbot_ws/build/bumperbot_mapping': CMAKE_PREFIX_PATH=${CMAKE_PREFIX_PATH}:/home/nikhilsai/bumperbot_ws/install/bumperbot_py_examples:/opt/ros/humble /usr/bin/cmake --install /home/nikhilsai/bumperbot_ws/build/bumperbot_mapping
[0.888s] -- Install configuration: ""
[0.889s] -- Up-to-date: /home/nikhilsai/bumperbot_ws/install/bumperbot_mapping/share/bumperbot_mapping/environment/pythonpath.sh
[0.889s] -- Installing: /home/nikhilsai/bumperbot_ws/install/bumperbot_mapping/share/bumperbot_mapping/environment/pythonpath.dsv
[0.889s] -- Up-to-date: /home/nikhilsai/bumperbot_ws/install/bumperbot_mapping/local/lib/python3.10/dist-packages/bumperbot_mapping-0.0.0-py3.10.egg-info
[0.889s] -- Installing: /home/nikhilsai/bumperbot_ws/install/bumperbot_mapping/local/lib/python3.10/dist-packages/bumperbot_mapping-0.0.0-py3.10.egg-info/PKG-INFO
[0.889s] -- Installing: /home/nikhilsai/bumperbot_ws/install/bumperbot_mapping/local/lib/python3.10/dist-packages/bumperbot_mapping-0.0.0-py3.10.egg-info/dependency_links.txt
[0.889s] -- Installing: /home/nikhilsai/bumperbot_ws/install/bumperbot_mapping/local/lib/python3.10/dist-packages/bumperbot_mapping-0.0.0-py3.10.egg-info/top_level.txt
[0.889s] -- Installing: /home/nikhilsai/bumperbot_ws/install/bumperbot_mapping/local/lib/python3.10/dist-packages/bumperbot_mapping-0.0.0-py3.10.egg-info/SOURCES.txt
[0.889s] -- Up-to-date: /home/nikhilsai/bumperbot_ws/install/bumperbot_mapping/local/lib/python3.10/dist-packages/bumperbot_mapping
[0.889s] -- Installing: /home/nikhilsai/bumperbot_ws/install/bumperbot_mapping/local/lib/python3.10/dist-packages/bumperbot_mapping/mapping_nik.py
[0.889s] -- Installing: /home/nikhilsai/bumperbot_ws/install/bumperbot_mapping/local/lib/python3.10/dist-packages/bumperbot_mapping/mapping_with_known_poses.py
[0.889s] -- Up-to-date: /home/nikhilsai/bumperbot_ws/install/bumperbot_mapping/local/lib/python3.10/dist-packages/bumperbot_mapping/__init__.py
[0.908s] Listing '/home/nikhilsai/bumperbot_ws/install/bumperbot_mapping/local/lib/python3.10/dist-packages/bumperbot_mapping'...
[0.908s] Compiling '/home/nikhilsai/bumperbot_ws/install/bumperbot_mapping/local/lib/python3.10/dist-packages/bumperbot_mapping/mapping_nik.py'...
[0.908s] Compiling '/home/nikhilsai/bumperbot_ws/install/bumperbot_mapping/local/lib/python3.10/dist-packages/bumperbot_mapping/mapping_with_known_poses.py'...
[0.911s] -- Up-to-date: /home/nikhilsai/bumperbot_ws/install/bumperbot_mapping/include/include
[0.911s] -- Up-to-date: /home/nikhilsai/bumperbot_ws/install/bumperbot_mapping/include/include/bumperbot_mapping
[0.911s] -- Up-to-date: /home/nikhilsai/bumperbot_ws/install/bumperbot_mapping/include/include/bumperbot_mapping/mapping_with_known_poses.hpp
[0.911s] -- Installing: /home/nikhilsai/bumperbot_ws/install/bumperbot_mapping/lib/bumperbot_mapping/mapping_with_known_poses
[0.913s] -- Set runtime path of "/home/nikhilsai/bumperbot_ws/install/bumperbot_mapping/lib/bumperbot_mapping/mapping_with_known_poses" to ""
[0.913s] -- Up-to-date: /home/nikhilsai/bumperbot_ws/install/bumperbot_mapping/share/bumperbot_mapping/config
[0.913s] -- Up-to-date: /home/nikhilsai/bumperbot_ws/install/bumperbot_mapping/share/bumperbot_mapping/config/slam_toolbox.yaml
[0.913s] -- Up-to-date: /home/nikhilsai/bumperbot_ws/install/bumperbot_mapping/share/bumperbot_mapping/launch
[0.913s] -- Up-to-date: /home/nikhilsai/bumperbot_ws/install/bumperbot_mapping/share/bumperbot_mapping/launch/slam.launch.py
[0.913s] -- Up-to-date: /home/nikhilsai/bumperbot_ws/install/bumperbot_mapping/share/bumperbot_mapping/maps
[0.913s] -- Up-to-date: /home/nikhilsai/bumperbot_ws/install/bumperbot_mapping/share/bumperbot_mapping/maps/small_warehouse
[0.913s] -- Up-to-date: /home/nikhilsai/bumperbot_ws/install/bumperbot_mapping/share/bumperbot_mapping/maps/small_warehouse/map.yaml
[0.913s] -- Up-to-date: /home/nikhilsai/bumperbot_ws/install/bumperbot_mapping/share/bumperbot_mapping/maps/small_warehouse/map.pgm
[0.913s] -- Up-to-date: /home/nikhilsai/bumperbot_ws/install/bumperbot_mapping/share/bumperbot_mapping/maps/small_house
[0.913s] -- Up-to-date: /home/nikhilsai/bumperbot_ws/install/bumperbot_mapping/share/bumperbot_mapping/maps/small_house/map.yaml
[0.913s] -- Up-to-date: /home/nikhilsai/bumperbot_ws/install/bumperbot_mapping/share/bumperbot_mapping/maps/small_house/map.pgm
[0.913s] -- Up-to-date: /home/nikhilsai/bumperbot_ws/install/bumperbot_mapping/share/bumperbot_mapping/rviz
[0.913s] -- Up-to-date: /home/nikhilsai/bumperbot_ws/install/bumperbot_mapping/share/bumperbot_mapping/rviz/slam.rviz
[0.913s] -- Installing: /home/nikhilsai/bumperbot_ws/install/bumperbot_mapping/lib/bumperbot_mapping/mapping_with_known_poses.py
[0.913s] -- Installing: /home/nikhilsai/bumperbot_ws/install/bumperbot_mapping/lib/bumperbot_mapping/mapping_nik.py
[0.913s] -- Up-to-date: /home/nikhilsai/bumperbot_ws/install/bumperbot_mapping/share/ament_index/resource_index/package_run_dependencies/bumperbot_mapping
[0.913s] -- Installing: /home/nikhilsai/bumperbot_ws/install/bumperbot_mapping/share/ament_index/resource_index/parent_prefix_path/bumperbot_mapping
[0.913s] -- Up-to-date: /home/nikhilsai/bumperbot_ws/install/bumperbot_mapping/share/bumperbot_mapping/environment/ament_prefix_path.sh
[0.913s] -- Installing: /home/nikhilsai/bumperbot_ws/install/bumperbot_mapping/share/bumperbot_mapping/environment/ament_prefix_path.dsv
[0.913s] -- Up-to-date: /home/nikhilsai/bumperbot_ws/install/bumperbot_mapping/share/bumperbot_mapping/environment/path.sh
[0.913s] -- Installing: /home/nikhilsai/bumperbot_ws/install/bumperbot_mapping/share/bumperbot_mapping/environment/path.dsv
[0.913s] -- Up-to-date: /home/nikhilsai/bumperbot_ws/install/bumperbot_mapping/share/bumperbot_mapping/local_setup.bash
[0.914s] -- Up-to-date: /home/nikhilsai/bumperbot_ws/install/bumperbot_mapping/share/bumperbot_mapping/local_setup.sh
[0.914s] -- Up-to-date: /home/nikhilsai/bumperbot_ws/install/bumperbot_mapping/share/bumperbot_mapping/local_setup.zsh
[0.914s] -- Installing: /home/nikhilsai/bumperbot_ws/install/bumperbot_mapping/share/bumperbot_mapping/local_setup.dsv
[0.914s] -- Installing: /home/nikhilsai/bumperbot_ws/install/bumperbot_mapping/share/bumperbot_mapping/package.dsv
[0.914s] -- Up-to-date: /home/nikhilsai/bumperbot_ws/install/bumperbot_mapping/share/ament_index/resource_index/packages/bumperbot_mapping
[0.914s] -- Up-to-date: /home/nikhilsai/bumperbot_ws/install/bumperbot_mapping/share/bumperbot_mapping/cmake/bumperbot_mappingConfig.cmake
[0.914s] -- Up-to-date: /home/nikhilsai/bumperbot_ws/install/bumperbot_mapping/share/bumperbot_mapping/cmake/bumperbot_mappingConfig-version.cmake
[0.914s] -- Up-to-date: /home/nikhilsai/bumperbot_ws/install/bumperbot_mapping/share/bumperbot_mapping/package.xml
[0.915s] Invoked command in '/home/nikhilsai/bumperbot_ws/build/bumperbot_mapping' returned '0': CMAKE_PREFIX_PATH=${CMAKE_PREFIX_PATH}:/home/nikhilsai/bumperbot_ws/install/bumperbot_py_examples:/opt/ros/humble /usr/bin/cmake --install /home/nikhilsai/bumperbot_ws/build/bumperbot_mapping
