[0.009s] Invoking command in '/home/nikhilsai/bumperbot_ws/build/bumperbot_cpp_examples': CMAKE_PREFIX_PATH=/home/nikhilsai/bumperbot_ws/install/bumperbot_msgs:/home/nikhilsai/bumperbot_ws/install/bumperbot_utils:/home/nikhilsai/bumperbot_ws/install/bumperbot_cpp_examples:/home/nikhilsai/bumperbot_ws/install/bumperbot_bringup:/home/nikhilsai/bumperbot_ws/install/bumperbot_mapping:/home/nikhilsai/bumperbot_ws/install/bumperbot_localization:/home/nikhilsai/bumperbot_ws/install/bumperbot_description:/home/nikhilsai/bumperbot_ws/install/bumperbot_controller:/home/nikhilsai/bumperbot_ws/install/bumperbot_py_examples:/opt/ros/humble LD_LIBRARY_PATH=/home/nikhilsai/bumperbot_ws/install/bumperbot_msgs/lib:/home/nikhilsai/bumperbot_ws/install/bumperbot_cpp_examples/lib:/usr/lib/x86_64-linux-gnu/gazebo-11/plugins:/opt/ros/humble/opt/rviz_ogre_vendor/lib:/opt/ros/humble/lib/x86_64-linux-gnu:/opt/ros/humble/lib /usr/bin/cmake --build /home/nikhilsai/bumperbot_ws/build/bumperbot_cpp_examples -- -j28 -l28
[0.041s] [35m[1mConsolidate compiler generated dependencies of target simple_subscriber[0m
[0.042s] [35m[1mConsolidate compiler generated dependencies of target simple_turtlesim_kinematics[0m
[0.042s] [35m[1mConsolidate compiler generated dependencies of target simple_service_server[0m
[0.042s] [35m[1mConsolidate compiler generated dependencies of target simple_publisher[0m
[0.042s] [35m[1mConsolidate compiler generated dependencies of target simple_qos_publisher[0m
[0.042s] [35m[1mConsolidate compiler generated dependencies of target simple_service_client[0m
[0.043s] [35m[1mConsolidate compiler generated dependencies of target simple_tf_kinematics[0m
[0.043s] [35m[1mConsolidate compiler generated dependencies of target simple_qos_subscriber[0m
[0.043s] [35m[1mConsolidate compiler generated dependencies of target simple_parameter[0m
[0.044s] [35m[1mConsolidate compiler generated dependencies of target simple_lifecycle_node[0m
[0.045s] [35m[1mConsolidate compiler generated dependencies of target simple_action_client[0m
[0.045s] [35m[1mConsolidate compiler generated dependencies of target simple_action_server_node[0m
[0.045s] [35m[1mConsolidate compiler generated dependencies of target simple_action_server[0m
[0.046s] [35m[1mConsolidate compiler generated dependencies of target simple_action_client_node[0m
[0.052s] [  7%] Built target simple_turtlesim_kinematics
[0.052s] [ 21%] Built target simple_service_client
[0.052s] [ 28%] Built target simple_service_server
[0.052s] [ 28%] Built target simple_subscriber
[0.057s] [ 35%] Built target simple_qos_publisher
[0.057s] [ 50%] Built target simple_qos_subscriber
[0.057s] [ 50%] Built target simple_tf_kinematics
[0.058s] [ 57%] Built target simple_lifecycle_node
[0.059s] [ 64%] Built target simple_parameter
[0.059s] [ 71%] Built target simple_publisher
[0.060s] [ 78%] Built target simple_action_client_node
[0.060s] [ 85%] Built target simple_action_client
[0.060s] [ 92%] Built target simple_action_server
[0.061s] [100%] Built target simple_action_server_node
[0.152s] Invoked command in '/home/nikhilsai/bumperbot_ws/build/bumperbot_cpp_examples' returned '0': CMAKE_PREFIX_PATH=/home/nikhilsai/bumperbot_ws/install/bumperbot_msgs:/home/nikhilsai/bumperbot_ws/install/bumperbot_utils:/home/nikhilsai/bumperbot_ws/install/bumperbot_cpp_examples:/home/nikhilsai/bumperbot_ws/install/bumperbot_bringup:/home/nikhilsai/bumperbot_ws/install/bumperbot_mapping:/home/nikhilsai/bumperbot_ws/install/bumperbot_localization:/home/nikhilsai/bumperbot_ws/install/bumperbot_description:/home/nikhilsai/bumperbot_ws/install/bumperbot_controller:/home/nikhilsai/bumperbot_ws/install/bumperbot_py_examples:/opt/ros/humble LD_LIBRARY_PATH=/home/nikhilsai/bumperbot_ws/install/bumperbot_msgs/lib:/home/nikhilsai/bumperbot_ws/install/bumperbot_cpp_examples/lib:/usr/lib/x86_64-linux-gnu/gazebo-11/plugins:/opt/ros/humble/opt/rviz_ogre_vendor/lib:/opt/ros/humble/lib/x86_64-linux-gnu:/opt/ros/humble/lib /usr/bin/cmake --build /home/nikhilsai/bumperbot_ws/build/bumperbot_cpp_examples -- -j28 -l28
[0.153s] Invoking command in '/home/nikhilsai/bumperbot_ws/build/bumperbot_cpp_examples': CMAKE_PREFIX_PATH=/home/nikhilsai/bumperbot_ws/install/bumperbot_msgs:/home/nikhilsai/bumperbot_ws/install/bumperbot_utils:/home/nikhilsai/bumperbot_ws/install/bumperbot_cpp_examples:/home/nikhilsai/bumperbot_ws/install/bumperbot_bringup:/home/nikhilsai/bumperbot_ws/install/bumperbot_mapping:/home/nikhilsai/bumperbot_ws/install/bumperbot_localization:/home/nikhilsai/bumperbot_ws/install/bumperbot_description:/home/nikhilsai/bumperbot_ws/install/bumperbot_controller:/home/nikhilsai/bumperbot_ws/install/bumperbot_py_examples:/opt/ros/humble LD_LIBRARY_PATH=/home/nikhilsai/bumperbot_ws/install/bumperbot_msgs/lib:/home/nikhilsai/bumperbot_ws/install/bumperbot_cpp_examples/lib:/usr/lib/x86_64-linux-gnu/gazebo-11/plugins:/opt/ros/humble/opt/rviz_ogre_vendor/lib:/opt/ros/humble/lib/x86_64-linux-gnu:/opt/ros/humble/lib /usr/bin/cmake --install /home/nikhilsai/bumperbot_ws/build/bumperbot_cpp_examples
[0.157s] -- Install configuration: ""
[0.157s] -- Up-to-date: /home/nikhilsai/bumperbot_ws/install/bumperbot_cpp_examples/lib/bumperbot_cpp_examples/simple_action_server_node
[0.157s] -- Up-to-date: /home/nikhilsai/bumperbot_ws/install/bumperbot_cpp_examples/lib/bumperbot_cpp_examples/simple_action_client_node
[0.157s] -- Up-to-date: /home/nikhilsai/bumperbot_ws/install/bumperbot_cpp_examples/include/include
[0.157s] -- Up-to-date: /home/nikhilsai/bumperbot_ws/install/bumperbot_cpp_examples/include/include/bumperbot_cpp_examples
[0.157s] -- Up-to-date: /home/nikhilsai/bumperbot_ws/install/bumperbot_cpp_examples/include/include/bumperbot_cpp_examples/simple_turtlesim_kinematics.hpp
[0.157s] -- Up-to-date: /home/nikhilsai/bumperbot_ws/install/bumperbot_cpp_examples/include/include/bumperbot_cpp_examples/simple_tf_kinematics.hpp
[0.157s] -- Up-to-date: /home/nikhilsai/bumperbot_ws/install/bumperbot_cpp_examples/lib/bumperbot_cpp_examples/simple_publisher
[0.158s] -- Up-to-date: /home/nikhilsai/bumperbot_ws/install/bumperbot_cpp_examples/lib/bumperbot_cpp_examples/simple_subscriber
[0.158s] -- Up-to-date: /home/nikhilsai/bumperbot_ws/install/bumperbot_cpp_examples/lib/bumperbot_cpp_examples/simple_parameter
[0.158s] -- Up-to-date: /home/nikhilsai/bumperbot_ws/install/bumperbot_cpp_examples/lib/bumperbot_cpp_examples/simple_turtlesim_kinematics
[0.158s] -- Up-to-date: /home/nikhilsai/bumperbot_ws/install/bumperbot_cpp_examples/lib/bumperbot_cpp_examples/simple_service_server
[0.158s] -- Up-to-date: /home/nikhilsai/bumperbot_ws/install/bumperbot_cpp_examples/lib/bumperbot_cpp_examples/simple_service_client
[0.158s] -- Up-to-date: /home/nikhilsai/bumperbot_ws/install/bumperbot_cpp_examples/lib/bumperbot_cpp_examples/simple_tf_kinematics
[0.159s] -- Up-to-date: /home/nikhilsai/bumperbot_ws/install/bumperbot_cpp_examples/lib/bumperbot_cpp_examples/simple_lifecycle_node
[0.159s] -- Up-to-date: /home/nikhilsai/bumperbot_ws/install/bumperbot_cpp_examples/lib/bumperbot_cpp_examples/simple_qos_publisher
[0.159s] -- Up-to-date: /home/nikhilsai/bumperbot_ws/install/bumperbot_cpp_examples/lib/bumperbot_cpp_examples/simple_qos_subscriber
[0.159s] -- Up-to-date: /home/nikhilsai/bumperbot_ws/install/bumperbot_cpp_examples/lib/libsimple_action_server.so
[0.159s] -- Up-to-date: /home/nikhilsai/bumperbot_ws/install/bumperbot_cpp_examples/lib/libsimple_action_client.so
[0.160s] -- Up-to-date: /home/nikhilsai/bumperbot_ws/install/bumperbot_cpp_examples/share/ament_index/resource_index/package_run_dependencies/bumperbot_cpp_examples
[0.160s] -- Up-to-date: /home/nikhilsai/bumperbot_ws/install/bumperbot_cpp_examples/share/ament_index/resource_index/parent_prefix_path/bumperbot_cpp_examples
[0.160s] -- Up-to-date: /home/nikhilsai/bumperbot_ws/install/bumperbot_cpp_examples/share/bumperbot_cpp_examples/environment/ament_prefix_path.sh
[0.160s] -- Up-to-date: /home/nikhilsai/bumperbot_ws/install/bumperbot_cpp_examples/share/bumperbot_cpp_examples/environment/ament_prefix_path.dsv
[0.160s] -- Up-to-date: /home/nikhilsai/bumperbot_ws/install/bumperbot_cpp_examples/share/bumperbot_cpp_examples/environment/path.sh
[0.160s] -- Up-to-date: /home/nikhilsai/bumperbot_ws/install/bumperbot_cpp_examples/share/bumperbot_cpp_examples/environment/path.dsv
[0.160s] -- Up-to-date: /home/nikhilsai/bumperbot_ws/install/bumperbot_cpp_examples/share/bumperbot_cpp_examples/local_setup.bash
[0.160s] -- Up-to-date: /home/nikhilsai/bumperbot_ws/install/bumperbot_cpp_examples/share/bumperbot_cpp_examples/local_setup.sh
[0.160s] -- Up-to-date: /home/nikhilsai/bumperbot_ws/install/bumperbot_cpp_examples/share/bumperbot_cpp_examples/local_setup.zsh
[0.160s] -- Up-to-date: /home/nikhilsai/bumperbot_ws/install/bumperbot_cpp_examples/share/bumperbot_cpp_examples/local_setup.dsv
[0.160s] -- Installing: /home/nikhilsai/bumperbot_ws/install/bumperbot_cpp_examples/share/bumperbot_cpp_examples/package.dsv
[0.160s] -- Up-to-date: /home/nikhilsai/bumperbot_ws/install/bumperbot_cpp_examples/share/ament_index/resource_index/packages/bumperbot_cpp_examples
[0.160s] -- Up-to-date: /home/nikhilsai/bumperbot_ws/install/bumperbot_cpp_examples/share/ament_index/resource_index/rclcpp_components/bumperbot_cpp_examples
[0.160s] -- Up-to-date: /home/nikhilsai/bumperbot_ws/install/bumperbot_cpp_examples/share/bumperbot_cpp_examples/cmake/bumperbot_cpp_examplesConfig.cmake
[0.160s] -- Up-to-date: /home/nikhilsai/bumperbot_ws/install/bumperbot_cpp_examples/share/bumperbot_cpp_examples/cmake/bumperbot_cpp_examplesConfig-version.cmake
[0.160s] -- Up-to-date: /home/nikhilsai/bumperbot_ws/install/bumperbot_cpp_examples/share/bumperbot_cpp_examples/package.xml
[0.161s] Invoked command in '/home/nikhilsai/bumperbot_ws/build/bumperbot_cpp_examples' returned '0': CMAKE_PREFIX_PATH=/home/nikhilsai/bumperbot_ws/install/bumperbot_msgs:/home/nikhilsai/bumperbot_ws/install/bumperbot_utils:/home/nikhilsai/bumperbot_ws/install/bumperbot_cpp_examples:/home/nikhilsai/bumperbot_ws/install/bumperbot_bringup:/home/nikhilsai/bumperbot_ws/install/bumperbot_mapping:/home/nikhilsai/bumperbot_ws/install/bumperbot_localization:/home/nikhilsai/bumperbot_ws/install/bumperbot_description:/home/nikhilsai/bumperbot_ws/install/bumperbot_controller:/home/nikhilsai/bumperbot_ws/install/bumperbot_py_examples:/opt/ros/humble LD_LIBRARY_PATH=/home/nikhilsai/bumperbot_ws/install/bumperbot_msgs/lib:/home/nikhilsai/bumperbot_ws/install/bumperbot_cpp_examples/lib:/usr/lib/x86_64-linux-gnu/gazebo-11/plugins:/opt/ros/humble/opt/rviz_ogre_vendor/lib:/opt/ros/humble/lib/x86_64-linux-gnu:/opt/ros/humble/lib /usr/bin/cmake --install /home/nikhilsai/bumperbot_ws/build/bumperbot_cpp_examples
