[0.010s] Invoking command in '/home/nikhilsai/bumperbot_ws/build/bumperbot_localization': CMAKE_PREFIX_PATH=/opt/ros/humble /usr/bin/cmake /home/nikhilsai/bumperbot_ws/src/bumperbot_localization -DCMAKE_INSTALL_PREFIX=/home/nikhilsai/bumperbot_ws/install/bumperbot_localization
[0.046s] -- The C compiler identification is GNU 11.4.0
[0.092s] -- The CXX compiler identification is GNU 11.4.0
[0.098s] -- Detecting C compiler ABI info
[0.149s] -- Detecting C compiler ABI info - done
[0.154s] -- Check for working C compiler: /usr/bin/cc - skipped
[0.154s] -- Detecting C compile features
[0.154s] -- Detecting C compile features - done
[0.156s] -- Detecting CXX compiler ABI info
[0.210s] -- Detecting CXX compiler ABI info - done
[0.218s] -- Check for working CXX compiler: /usr/bin/c++ - skipped
[0.218s] -- Detecting CXX compile features
[0.218s] -- Detecting CXX compile features - done
[0.220s] -- Found ament_cmake: 1.3.11 (/opt/ros/humble/share/ament_cmake/cmake)
[0.339s] -- Found Python3: /usr/bin/python3 (found version "3.10.12") found components: Interpreter 
[0.419s] -- Found rclcpp: 16.0.11 (/opt/ros/humble/share/rclcpp/cmake)
[0.450s] -- Found rosidl_generator_c: 3.1.6 (/opt/ros/humble/share/rosidl_generator_c/cmake)
[0.454s] -- Found rosidl_adapter: 3.1.6 (/opt/ros/humble/share/rosidl_adapter/cmake)
[0.460s] -- Found rosidl_generator_cpp: 3.1.6 (/opt/ros/humble/share/rosidl_generator_cpp/cmake)
[0.469s] -- Using all available rosidl_typesupport_c: rosidl_typesupport_fastrtps_c;rosidl_typesupport_introspection_c
[0.481s] -- Using all available rosidl_typesupport_cpp: rosidl_typesupport_fastrtps_cpp;rosidl_typesupport_introspection_cpp
[0.514s] -- Found rmw_implementation_cmake: 6.1.2 (/opt/ros/humble/share/rmw_implementation_cmake/cmake)
[0.516s] -- Found rmw_fastrtps_cpp: 6.2.7 (/opt/ros/humble/share/rmw_fastrtps_cpp/cmake)
[0.596s] -- Found OpenSSL: /usr/lib/x86_64-linux-gnu/libcrypto.so (found version "3.0.2")  
[0.624s] -- Found FastRTPS: /opt/ros/humble/include  
[0.668s] -- Using RMW implementation 'rmw_fastrtps_cpp' as default
[0.673s] -- Looking for pthread.h
[0.742s] -- Looking for pthread.h - found
[0.742s] -- Performing Test CMAKE_HAVE_LIBC_PTHREAD
[0.799s] -- Performing Test CMAKE_HAVE_LIBC_PTHREAD - Success
[0.800s] -- Found Threads: TRUE  
[0.863s] -- Found rclpy: 3.3.15 (/opt/ros/humble/share/rclpy/cmake)
[0.865s] -- Found nav_msgs: 4.2.4 (/opt/ros/humble/share/nav_msgs/cmake)
[0.897s] -- Found sensor_msgs: 4.2.4 (/opt/ros/humble/share/sensor_msgs/cmake)
[0.916s] -- Found tf2: 0.25.9 (/opt/ros/humble/share/tf2/cmake)
[1.065s] -- Configuring done
[1.082s] -- Generating done
[1.088s] -- Build files have been written to: /home/nikhilsai/bumperbot_ws/build/bumperbot_localization
[1.099s] Invoked command in '/home/nikhilsai/bumperbot_ws/build/bumperbot_localization' returned '0': CMAKE_PREFIX_PATH=/opt/ros/humble /usr/bin/cmake /home/nikhilsai/bumperbot_ws/src/bumperbot_localization -DCMAKE_INSTALL_PREFIX=/home/nikhilsai/bumperbot_ws/install/bumperbot_localization
[1.099s] Invoking command in '/home/nikhilsai/bumperbot_ws/build/bumperbot_localization': CMAKE_PREFIX_PATH=/opt/ros/humble /usr/bin/cmake --build /home/nikhilsai/bumperbot_ws/build/bumperbot_localization -- -j28 -l28
[1.139s] [ 16%] [32mBuilding CXX object CMakeFiles/odometry_motion_model.dir/src/odometry_motion_model.cpp.o[0m
[1.142s] [ 33%] [32mBuilding CXX object CMakeFiles/imu_republisher.dir/src/imu_republisher.cpp.o[0m
[1.143s] [ 50%] [32mBuilding CXX object CMakeFiles/kalman_filter.dir/src/kalman_filter.cpp.o[0m
[1.147s] [ 50%] Built target ament_cmake_python_copy_bumperbot_localization
[1.494s] running egg_info
[1.495s] creating bumperbot_localization.egg-info
[1.495s] writing bumperbot_localization.egg-info/PKG-INFO
[1.495s] writing dependency_links to bumperbot_localization.egg-info/dependency_links.txt
[1.495s] writing top-level names to bumperbot_localization.egg-info/top_level.txt
[1.496s] writing manifest file 'bumperbot_localization.egg-info/SOURCES.txt'
[1.498s] reading manifest file 'bumperbot_localization.egg-info/SOURCES.txt'
[1.499s] writing manifest file 'bumperbot_localization.egg-info/SOURCES.txt'
[1.535s] [ 50%] Built target ament_cmake_python_build_bumperbot_localization_egg
[8.796s] [ 66%] [32m[1mLinking CXX executable odometry_motion_model[0m
[8.939s] [ 83%] [32m[1mLinking CXX executable imu_republisher[0m
[9.353s] [ 83%] Built target imu_republisher
[9.454s] [ 83%] Built target odometry_motion_model
[12.544s] [100%] [32m[1mLinking CXX executable kalman_filter[0m
[13.011s] [100%] Built target kalman_filter
[13.023s] Invoked command in '/home/nikhilsai/bumperbot_ws/build/bumperbot_localization' returned '0': CMAKE_PREFIX_PATH=/opt/ros/humble /usr/bin/cmake --build /home/nikhilsai/bumperbot_ws/build/bumperbot_localization -- -j28 -l28
[13.026s] Invoking command in '/home/nikhilsai/bumperbot_ws/build/bumperbot_localization': CMAKE_PREFIX_PATH=/opt/ros/humble /usr/bin/cmake --install /home/nikhilsai/bumperbot_ws/build/bumperbot_localization
[13.033s] -- Install configuration: ""
[13.033s] -- Installing: /home/nikhilsai/bumperbot_ws/install/bumperbot_localization/share/bumperbot_localization/environment/pythonpath.sh
[13.033s] -- Installing: /home/nikhilsai/bumperbot_ws/install/bumperbot_localization/share/bumperbot_localization/environment/pythonpath.dsv
[13.034s] -- Installing: /home/nikhilsai/bumperbot_ws/install/bumperbot_localization/local/lib/python3.10/dist-packages/bumperbot_localization-0.0.0-py3.10.egg-info
[13.034s] -- Installing: /home/nikhilsai/bumperbot_ws/install/bumperbot_localization/local/lib/python3.10/dist-packages/bumperbot_localization-0.0.0-py3.10.egg-info/PKG-INFO
[13.034s] -- Installing: /home/nikhilsai/bumperbot_ws/install/bumperbot_localization/local/lib/python3.10/dist-packages/bumperbot_localization-0.0.0-py3.10.egg-info/dependency_links.txt
[13.034s] -- Installing: /home/nikhilsai/bumperbot_ws/install/bumperbot_localization/local/lib/python3.10/dist-packages/bumperbot_localization-0.0.0-py3.10.egg-info/top_level.txt
[13.034s] -- Installing: /home/nikhilsai/bumperbot_ws/install/bumperbot_localization/local/lib/python3.10/dist-packages/bumperbot_localization-0.0.0-py3.10.egg-info/SOURCES.txt
[13.034s] -- Installing: /home/nikhilsai/bumperbot_ws/install/bumperbot_localization/local/lib/python3.10/dist-packages/bumperbot_localization
[13.035s] -- Installing: /home/nikhilsai/bumperbot_ws/install/bumperbot_localization/local/lib/python3.10/dist-packages/bumperbot_localization/kalman_filter.py
[13.035s] -- Installing: /home/nikhilsai/bumperbot_ws/install/bumperbot_localization/local/lib/python3.10/dist-packages/bumperbot_localization/odometry_motion_model.py
[13.035s] -- Installing: /home/nikhilsai/bumperbot_ws/install/bumperbot_localization/local/lib/python3.10/dist-packages/bumperbot_localization/imu_republisher.py
[13.035s] -- Installing: /home/nikhilsai/bumperbot_ws/install/bumperbot_localization/local/lib/python3.10/dist-packages/bumperbot_localization/__init__.py
[13.067s] Listing '/home/nikhilsai/bumperbot_ws/install/bumperbot_localization/local/lib/python3.10/dist-packages/bumperbot_localization'...
[13.067s] Compiling '/home/nikhilsai/bumperbot_ws/install/bumperbot_localization/local/lib/python3.10/dist-packages/bumperbot_localization/__init__.py'...
[13.067s] Compiling '/home/nikhilsai/bumperbot_ws/install/bumperbot_localization/local/lib/python3.10/dist-packages/bumperbot_localization/imu_republisher.py'...
[13.067s] Compiling '/home/nikhilsai/bumperbot_ws/install/bumperbot_localization/local/lib/python3.10/dist-packages/bumperbot_localization/kalman_filter.py'...
[13.067s] Compiling '/home/nikhilsai/bumperbot_ws/install/bumperbot_localization/local/lib/python3.10/dist-packages/bumperbot_localization/odometry_motion_model.py'...
[13.071s] -- Installing: /home/nikhilsai/bumperbot_ws/install/bumperbot_localization/include/include
[13.071s] -- Installing: /home/nikhilsai/bumperbot_ws/install/bumperbot_localization/include/include/bumperbot_localization
[13.071s] -- Installing: /home/nikhilsai/bumperbot_ws/install/bumperbot_localization/include/include/bumperbot_localization/odometry_motion_model.hpp
[13.071s] -- Installing: /home/nikhilsai/bumperbot_ws/install/bumperbot_localization/include/include/bumperbot_localization/kalman_filter.hpp
[13.072s] -- Installing: /home/nikhilsai/bumperbot_ws/install/bumperbot_localization/bin/odometry_motion_model
[13.075s] -- Set runtime path of "/home/nikhilsai/bumperbot_ws/install/bumperbot_localization/bin/odometry_motion_model" to ""
[13.075s] -- Installing: /home/nikhilsai/bumperbot_ws/install/bumperbot_localization/lib/bumperbot_localization/kalman_filter
[13.080s] -- Set runtime path of "/home/nikhilsai/bumperbot_ws/install/bumperbot_localization/lib/bumperbot_localization/kalman_filter" to ""
[13.080s] -- Installing: /home/nikhilsai/bumperbot_ws/install/bumperbot_localization/lib/bumperbot_localization/imu_republisher
[13.082s] -- Set runtime path of "/home/nikhilsai/bumperbot_ws/install/bumperbot_localization/lib/bumperbot_localization/imu_republisher" to ""
[13.082s] -- Installing: /home/nikhilsai/bumperbot_ws/install/bumperbot_localization/lib/bumperbot_localization/odometry_motion_model
[13.084s] -- Set runtime path of "/home/nikhilsai/bumperbot_ws/install/bumperbot_localization/lib/bumperbot_localization/odometry_motion_model" to ""
[13.084s] -- Installing: /home/nikhilsai/bumperbot_ws/install/bumperbot_localization/share/bumperbot_localization/launch
[13.084s] -- Installing: /home/nikhilsai/bumperbot_ws/install/bumperbot_localization/share/bumperbot_localization/launch/local_localization.launch.py
[13.084s] -- Installing: /home/nikhilsai/bumperbot_ws/install/bumperbot_localization/share/bumperbot_localization/launch/global_localization.launch.py
[13.084s] -- Installing: /home/nikhilsai/bumperbot_ws/install/bumperbot_localization/share/bumperbot_localization/config
[13.085s] -- Installing: /home/nikhilsai/bumperbot_ws/install/bumperbot_localization/share/bumperbot_localization/config/amcl.yaml
[13.085s] -- Installing: /home/nikhilsai/bumperbot_ws/install/bumperbot_localization/share/bumperbot_localization/config/ekf.yaml
[13.085s] -- Installing: /home/nikhilsai/bumperbot_ws/install/bumperbot_localization/share/bumperbot_localization/config/odometry_motion_model.rviz
[13.085s] -- Installing: /home/nikhilsai/bumperbot_ws/install/bumperbot_localization/share/bumperbot_localization/rviz
[13.085s] -- Installing: /home/nikhilsai/bumperbot_ws/install/bumperbot_localization/share/bumperbot_localization/rviz/global_localization.rviz
[13.085s] -- Installing: /home/nikhilsai/bumperbot_ws/install/bumperbot_localization/lib/bumperbot_localization/kalman_filter.py
[13.085s] -- Installing: /home/nikhilsai/bumperbot_ws/install/bumperbot_localization/lib/bumperbot_localization/imu_republisher.py
[13.085s] -- Installing: /home/nikhilsai/bumperbot_ws/install/bumperbot_localization/lib/bumperbot_localization/odometry_motion_model.py
[13.085s] -- Installing: /home/nikhilsai/bumperbot_ws/install/bumperbot_localization/share/ament_index/resource_index/package_run_dependencies/bumperbot_localization
[13.085s] -- Installing: /home/nikhilsai/bumperbot_ws/install/bumperbot_localization/share/ament_index/resource_index/parent_prefix_path/bumperbot_localization
[13.085s] -- Installing: /home/nikhilsai/bumperbot_ws/install/bumperbot_localization/share/bumperbot_localization/environment/ament_prefix_path.sh
[13.086s] -- Installing: /home/nikhilsai/bumperbot_ws/install/bumperbot_localization/share/bumperbot_localization/environment/ament_prefix_path.dsv
[13.086s] -- Installing: /home/nikhilsai/bumperbot_ws/install/bumperbot_localization/share/bumperbot_localization/environment/path.sh
[13.086s] -- Installing: /home/nikhilsai/bumperbot_ws/install/bumperbot_localization/share/bumperbot_localization/environment/path.dsv
[13.086s] -- Installing: /home/nikhilsai/bumperbot_ws/install/bumperbot_localization/share/bumperbot_localization/local_setup.bash
[13.086s] -- Installing: /home/nikhilsai/bumperbot_ws/install/bumperbot_localization/share/bumperbot_localization/local_setup.sh
[13.086s] -- Installing: /home/nikhilsai/bumperbot_ws/install/bumperbot_localization/share/bumperbot_localization/local_setup.zsh
[13.086s] -- Installing: /home/nikhilsai/bumperbot_ws/install/bumperbot_localization/share/bumperbot_localization/local_setup.dsv
[13.086s] -- Installing: /home/nikhilsai/bumperbot_ws/install/bumperbot_localization/share/bumperbot_localization/package.dsv
[13.086s] -- Installing: /home/nikhilsai/bumperbot_ws/install/bumperbot_localization/share/ament_index/resource_index/packages/bumperbot_localization
[13.086s] -- Installing: /home/nikhilsai/bumperbot_ws/install/bumperbot_localization/share/bumperbot_localization/cmake/bumperbot_localizationConfig.cmake
[13.086s] -- Installing: /home/nikhilsai/bumperbot_ws/install/bumperbot_localization/share/bumperbot_localization/cmake/bumperbot_localizationConfig-version.cmake
[13.086s] -- Installing: /home/nikhilsai/bumperbot_ws/install/bumperbot_localization/share/bumperbot_localization/package.xml
[13.088s] Invoked command in '/home/nikhilsai/bumperbot_ws/build/bumperbot_localization' returned '0': CMAKE_PREFIX_PATH=/opt/ros/humble /usr/bin/cmake --install /home/nikhilsai/bumperbot_ws/build/bumperbot_localization
