[0.008s] Invoking command in '/home/nikhilsai/bumperbot_ws/build/bumperbot_bringup': AMENT_PREFIX_PATH=/home/nikhilsai/bumperbot_ws/install/bumperbot_mapping:/home/nikhilsai/bumperbot_ws/install/bumperbot_localization:/home/nikhilsai/bumperbot_ws/install/bumperbot_description:/home/nikhilsai/bumperbot_ws/install/bumperbot_controller:${AMENT_PREFIX_PATH} CMAKE_PREFIX_PATH=/home/nikhilsai/bumperbot_ws/install/bumperbot_mapping:/home/nikhilsai/bumperbot_ws/install/bumperbot_localization:/home/nikhilsai/bumperbot_ws/install/bumperbot_description:/home/nikhilsai/bumperbot_ws/install/bumperbot_controller:/opt/ros/humble PATH=/home/nikhilsai/bumperbot_ws/install/bumperbot_localization/bin:${PATH} PYTHONPATH=/home/nikhilsai/bumperbot_ws/install/bumperbot_mapping/local/lib/python3.10/dist-packages:/home/nikhilsai/bumperbot_ws/install/bumperbot_localization/local/lib/python3.10/dist-packages:/home/nikhilsai/bumperbot_ws/install/bumperbot_controller/local/lib/python3.10/dist-packages:${PYTHONPATH} /usr/bin/cmake /home/nikhilsai/bumperbot_ws/src/bumperbot_bringup -DCMAKE_INSTALL_PREFIX=/home/nikhilsai/bumperbot_ws/install/bumperbot_bringup
[0.053s] -- The C compiler identification is GNU 11.4.0
[0.094s] -- The CXX compiler identification is GNU 11.4.0
[0.099s] -- Detecting C compiler ABI info
[0.157s] -- Detecting C compiler ABI info - done
[0.163s] -- Check for working C compiler: /usr/bin/cc - skipped
[0.163s] -- Detecting C compile features
[0.163s] -- Detecting C compile features - done
[0.165s] -- Detecting CXX compiler ABI info
[0.225s] -- Detecting CXX compiler ABI info - done
[0.231s] -- Check for working CXX compiler: /usr/bin/c++ - skipped
[0.231s] -- Detecting CXX compile features
[0.231s] -- Detecting CXX compile features - done
[0.232s] -- Found ament_cmake: 1.3.11 (/opt/ros/humble/share/ament_cmake/cmake)
[0.344s] -- Found Python3: /usr/bin/python3 (found version "3.10.12") found components: Interpreter 
[0.442s] -- Configuring done
[0.444s] -- Generating done
[0.445s] -- Build files have been written to: /home/nikhilsai/bumperbot_ws/build/bumperbot_bringup
[0.449s] Invoked command in '/home/nikhilsai/bumperbot_ws/build/bumperbot_bringup' returned '0': AMENT_PREFIX_PATH=/home/nikhilsai/bumperbot_ws/install/bumperbot_mapping:/home/nikhilsai/bumperbot_ws/install/bumperbot_localization:/home/nikhilsai/bumperbot_ws/install/bumperbot_description:/home/nikhilsai/bumperbot_ws/install/bumperbot_controller:${AMENT_PREFIX_PATH} CMAKE_PREFIX_PATH=/home/nikhilsai/bumperbot_ws/install/bumperbot_mapping:/home/nikhilsai/bumperbot_ws/install/bumperbot_localization:/home/nikhilsai/bumperbot_ws/install/bumperbot_description:/home/nikhilsai/bumperbot_ws/install/bumperbot_controller:/opt/ros/humble PATH=/home/nikhilsai/bumperbot_ws/install/bumperbot_localization/bin:${PATH} PYTHONPATH=/home/nikhilsai/bumperbot_ws/install/bumperbot_mapping/local/lib/python3.10/dist-packages:/home/nikhilsai/bumperbot_ws/install/bumperbot_localization/local/lib/python3.10/dist-packages:/home/nikhilsai/bumperbot_ws/install/bumperbot_controller/local/lib/python3.10/dist-packages:${PYTHONPATH} /usr/bin/cmake /home/nikhilsai/bumperbot_ws/src/bumperbot_bringup -DCMAKE_INSTALL_PREFIX=/home/nikhilsai/bumperbot_ws/install/bumperbot_bringup
[0.451s] Invoking command in '/home/nikhilsai/bumperbot_ws/build/bumperbot_bringup': AMENT_PREFIX_PATH=/home/nikhilsai/bumperbot_ws/install/bumperbot_mapping:/home/nikhilsai/bumperbot_ws/install/bumperbot_localization:/home/nikhilsai/bumperbot_ws/install/bumperbot_description:/home/nikhilsai/bumperbot_ws/install/bumperbot_controller:${AMENT_PREFIX_PATH} CMAKE_PREFIX_PATH=/home/nikhilsai/bumperbot_ws/install/bumperbot_mapping:/home/nikhilsai/bumperbot_ws/install/bumperbot_localization:/home/nikhilsai/bumperbot_ws/install/bumperbot_description:/home/nikhilsai/bumperbot_ws/install/bumperbot_controller:/opt/ros/humble PATH=/home/nikhilsai/bumperbot_ws/install/bumperbot_localization/bin:${PATH} PYTHONPATH=/home/nikhilsai/bumperbot_ws/install/bumperbot_mapping/local/lib/python3.10/dist-packages:/home/nikhilsai/bumperbot_ws/install/bumperbot_localization/local/lib/python3.10/dist-packages:/home/nikhilsai/bumperbot_ws/install/bumperbot_controller/local/lib/python3.10/dist-packages:${PYTHONPATH} /usr/bin/cmake --build /home/nikhilsai/bumperbot_ws/build/bumperbot_bringup -- -j28 -l28
[0.481s] Invoked command in '/home/nikhilsai/bumperbot_ws/build/bumperbot_bringup' returned '0': AMENT_PREFIX_PATH=/home/nikhilsai/bumperbot_ws/install/bumperbot_mapping:/home/nikhilsai/bumperbot_ws/install/bumperbot_localization:/home/nikhilsai/bumperbot_ws/install/bumperbot_description:/home/nikhilsai/bumperbot_ws/install/bumperbot_controller:${AMENT_PREFIX_PATH} CMAKE_PREFIX_PATH=/home/nikhilsai/bumperbot_ws/install/bumperbot_mapping:/home/nikhilsai/bumperbot_ws/install/bumperbot_localization:/home/nikhilsai/bumperbot_ws/install/bumperbot_description:/home/nikhilsai/bumperbot_ws/install/bumperbot_controller:/opt/ros/humble PATH=/home/nikhilsai/bumperbot_ws/install/bumperbot_localization/bin:${PATH} PYTHONPATH=/home/nikhilsai/bumperbot_ws/install/bumperbot_mapping/local/lib/python3.10/dist-packages:/home/nikhilsai/bumperbot_ws/install/bumperbot_localization/local/lib/python3.10/dist-packages:/home/nikhilsai/bumperbot_ws/install/bumperbot_controller/local/lib/python3.10/dist-packages:${PYTHONPATH} /usr/bin/cmake --build /home/nikhilsai/bumperbot_ws/build/bumperbot_bringup -- -j28 -l28
[0.482s] Invoking command in '/home/nikhilsai/bumperbot_ws/build/bumperbot_bringup': AMENT_PREFIX_PATH=/home/nikhilsai/bumperbot_ws/install/bumperbot_mapping:/home/nikhilsai/bumperbot_ws/install/bumperbot_localization:/home/nikhilsai/bumperbot_ws/install/bumperbot_description:/home/nikhilsai/bumperbot_ws/install/bumperbot_controller:${AMENT_PREFIX_PATH} CMAKE_PREFIX_PATH=/home/nikhilsai/bumperbot_ws/install/bumperbot_mapping:/home/nikhilsai/bumperbot_ws/install/bumperbot_localization:/home/nikhilsai/bumperbot_ws/install/bumperbot_description:/home/nikhilsai/bumperbot_ws/install/bumperbot_controller:/opt/ros/humble PATH=/home/nikhilsai/bumperbot_ws/install/bumperbot_localization/bin:${PATH} PYTHONPATH=/home/nikhilsai/bumperbot_ws/install/bumperbot_mapping/local/lib/python3.10/dist-packages:/home/nikhilsai/bumperbot_ws/install/bumperbot_localization/local/lib/python3.10/dist-packages:/home/nikhilsai/bumperbot_ws/install/bumperbot_controller/local/lib/python3.10/dist-packages:${PYTHONPATH} /usr/bin/cmake --install /home/nikhilsai/bumperbot_ws/build/bumperbot_bringup
[0.487s] -- Install configuration: ""
[0.487s] -- Installing: /home/nikhilsai/bumperbot_ws/install/bumperbot_bringup/share/bumperbot_bringup/config
[0.487s] -- Installing: /home/nikhilsai/bumperbot_ws/install/bumperbot_bringup/share/bumperbot_bringup/config/rplidar_a1.yaml
[0.487s] -- Installing: /home/nikhilsai/bumperbot_ws/install/bumperbot_bringup/share/bumperbot_bringup/launch
[0.487s] -- Installing: /home/nikhilsai/bumperbot_ws/install/bumperbot_bringup/share/bumperbot_bringup/launch/real_robot.launch.py
[0.487s] -- Installing: /home/nikhilsai/bumperbot_ws/install/bumperbot_bringup/share/bumperbot_bringup/launch/simulated_robot.launch.py
[0.487s] -- Installing: /home/nikhilsai/bumperbot_ws/install/bumperbot_bringup/share/ament_index/resource_index/package_run_dependencies/bumperbot_bringup
[0.487s] -- Installing: /home/nikhilsai/bumperbot_ws/install/bumperbot_bringup/share/ament_index/resource_index/parent_prefix_path/bumperbot_bringup
[0.487s] -- Installing: /home/nikhilsai/bumperbot_ws/install/bumperbot_bringup/share/bumperbot_bringup/environment/ament_prefix_path.sh
[0.487s] -- Installing: /home/nikhilsai/bumperbot_ws/install/bumperbot_bringup/share/bumperbot_bringup/environment/ament_prefix_path.dsv
[0.488s] -- Installing: /home/nikhilsai/bumperbot_ws/install/bumperbot_bringup/share/bumperbot_bringup/environment/path.sh
[0.488s] -- Installing: /home/nikhilsai/bumperbot_ws/install/bumperbot_bringup/share/bumperbot_bringup/environment/path.dsv
[0.488s] -- Installing: /home/nikhilsai/bumperbot_ws/install/bumperbot_bringup/share/bumperbot_bringup/local_setup.bash
[0.488s] -- Installing: /home/nikhilsai/bumperbot_ws/install/bumperbot_bringup/share/bumperbot_bringup/local_setup.sh
[0.488s] -- Installing: /home/nikhilsai/bumperbot_ws/install/bumperbot_bringup/share/bumperbot_bringup/local_setup.zsh
[0.488s] -- Installing: /home/nikhilsai/bumperbot_ws/install/bumperbot_bringup/share/bumperbot_bringup/local_setup.dsv
[0.488s] -- Installing: /home/nikhilsai/bumperbot_ws/install/bumperbot_bringup/share/bumperbot_bringup/package.dsv
[0.488s] -- Installing: /home/nikhilsai/bumperbot_ws/install/bumperbot_bringup/share/ament_index/resource_index/packages/bumperbot_bringup
[0.488s] -- Installing: /home/nikhilsai/bumperbot_ws/install/bumperbot_bringup/share/bumperbot_bringup/cmake/bumperbot_bringupConfig.cmake
[0.488s] -- Installing: /home/nikhilsai/bumperbot_ws/install/bumperbot_bringup/share/bumperbot_bringup/cmake/bumperbot_bringupConfig-version.cmake
[0.488s] -- Installing: /home/nikhilsai/bumperbot_ws/install/bumperbot_bringup/share/bumperbot_bringup/package.xml
[0.489s] Invoked command in '/home/nikhilsai/bumperbot_ws/build/bumperbot_bringup' returned '0': AMENT_PREFIX_PATH=/home/nikhilsai/bumperbot_ws/install/bumperbot_mapping:/home/nikhilsai/bumperbot_ws/install/bumperbot_localization:/home/nikhilsai/bumperbot_ws/install/bumperbot_description:/home/nikhilsai/bumperbot_ws/install/bumperbot_controller:${AMENT_PREFIX_PATH} CMAKE_PREFIX_PATH=/home/nikhilsai/bumperbot_ws/install/bumperbot_mapping:/home/nikhilsai/bumperbot_ws/install/bumperbot_localization:/home/nikhilsai/bumperbot_ws/install/bumperbot_description:/home/nikhilsai/bumperbot_ws/install/bumperbot_controller:/opt/ros/humble PATH=/home/nikhilsai/bumperbot_ws/install/bumperbot_localization/bin:${PATH} PYTHONPATH=/home/nikhilsai/bumperbot_ws/install/bumperbot_mapping/local/lib/python3.10/dist-packages:/home/nikhilsai/bumperbot_ws/install/bumperbot_localization/local/lib/python3.10/dist-packages:/home/nikhilsai/bumperbot_ws/install/bumperbot_controller/local/lib/python3.10/dist-packages:${PYTHONPATH} /usr/bin/cmake --install /home/nikhilsai/bumperbot_ws/build/bumperbot_bringup
