[0.014s] Invoking command in '/home/nikhilsai/bumperbot_ws/build/bumperbot_controller': CMAKE_PREFIX_PATH=${CMAKE_PREFIX_PATH}:/home/nikhilsai/bumperbot_ws/install/bumperbot_py_examples:/opt/ros/humble /usr/bin/cmake --build /home/nikhilsai/bumperbot_ws/build/bumperbot_controller -- -j28 -l28
[0.057s] [ 33%] Built target twist_relay
[0.060s] [ 33%] Built target ament_cmake_python_copy_bumperbot_controller
[0.068s] [ 66%] Built target noisy_controller
[0.070s] [100%] Built target simple_controller
[0.199s] running egg_info
[0.199s] writing bumperbot_controller.egg-info/PKG-INFO
[0.200s] writing dependency_links to bumperbot_controller.egg-info/dependency_links.txt
[0.200s] writing top-level names to bumperbot_controller.egg-info/top_level.txt
[0.201s] reading manifest file 'bumperbot_controller.egg-info/SOURCES.txt'
[0.201s] writing manifest file 'bumperbot_controller.egg-info/SOURCES.txt'
[0.219s] [100%] Built target ament_cmake_python_build_bumperbot_controller_egg
[0.229s] Invoked command in '/home/nikhilsai/bumperbot_ws/build/bumperbot_controller' returned '0': CMAKE_PREFIX_PATH=${CMAKE_PREFIX_PATH}:/home/nikhilsai/bumperbot_ws/install/bumperbot_py_examples:/opt/ros/humble /usr/bin/cmake --build /home/nikhilsai/bumperbot_ws/build/bumperbot_controller -- -j28 -l28
[0.231s] Invoking command in '/home/nikhilsai/bumperbot_ws/build/bumperbot_controller': CMAKE_PREFIX_PATH=${CMAKE_PREFIX_PATH}:/home/nikhilsai/bumperbot_ws/install/bumperbot_py_examples:/opt/ros/humble /usr/bin/cmake --install /home/nikhilsai/bumperbot_ws/build/bumperbot_controller
[0.236s] -- Install configuration: ""
[0.236s] -- Up-to-date: /home/nikhilsai/bumperbot_ws/install/bumperbot_controller/share/bumperbot_controller/environment/pythonpath.sh
[0.236s] -- Up-to-date: /home/nikhilsai/bumperbot_ws/install/bumperbot_controller/share/bumperbot_controller/environment/pythonpath.dsv
[0.236s] -- Up-to-date: /home/nikhilsai/bumperbot_ws/install/bumperbot_controller/local/lib/python3.10/dist-packages/bumperbot_controller-0.0.0-py3.10.egg-info
[0.236s] -- Installing: /home/nikhilsai/bumperbot_ws/install/bumperbot_controller/local/lib/python3.10/dist-packages/bumperbot_controller-0.0.0-py3.10.egg-info/PKG-INFO
[0.237s] -- Installing: /home/nikhilsai/bumperbot_ws/install/bumperbot_controller/local/lib/python3.10/dist-packages/bumperbot_controller-0.0.0-py3.10.egg-info/dependency_links.txt
[0.237s] -- Installing: /home/nikhilsai/bumperbot_ws/install/bumperbot_controller/local/lib/python3.10/dist-packages/bumperbot_controller-0.0.0-py3.10.egg-info/top_level.txt
[0.237s] -- Installing: /home/nikhilsai/bumperbot_ws/install/bumperbot_controller/local/lib/python3.10/dist-packages/bumperbot_controller-0.0.0-py3.10.egg-info/SOURCES.txt
[0.237s] -- Up-to-date: /home/nikhilsai/bumperbot_ws/install/bumperbot_controller/local/lib/python3.10/dist-packages/bumperbot_controller
[0.237s] -- Up-to-date: /home/nikhilsai/bumperbot_ws/install/bumperbot_controller/local/lib/python3.10/dist-packages/bumperbot_controller/noisy_controller.py
[0.237s] -- Up-to-date: /home/nikhilsai/bumperbot_ws/install/bumperbot_controller/local/lib/python3.10/dist-packages/bumperbot_controller/simple_controller.py
[0.237s] -- Up-to-date: /home/nikhilsai/bumperbot_ws/install/bumperbot_controller/local/lib/python3.10/dist-packages/bumperbot_controller/twist_relay.py
[0.238s] -- Up-to-date: /home/nikhilsai/bumperbot_ws/install/bumperbot_controller/local/lib/python3.10/dist-packages/bumperbot_controller/__init__.py
[0.254s] Listing '/home/nikhilsai/bumperbot_ws/install/bumperbot_controller/local/lib/python3.10/dist-packages/bumperbot_controller'...
[0.257s] -- Up-to-date: /home/nikhilsai/bumperbot_ws/install/bumperbot_controller/include/include
[0.257s] -- Up-to-date: /home/nikhilsai/bumperbot_ws/install/bumperbot_controller/include/include/bumperbot_controller
[0.257s] -- Up-to-date: /home/nikhilsai/bumperbot_ws/install/bumperbot_controller/include/include/bumperbot_controller/simple_controller.hpp
[0.257s] -- Up-to-date: /home/nikhilsai/bumperbot_ws/install/bumperbot_controller/include/include/bumperbot_controller/noisy_controller.hpp
[0.257s] -- Up-to-date: /home/nikhilsai/bumperbot_ws/install/bumperbot_controller/lib/bumperbot_controller/simple_controller
[0.257s] -- Up-to-date: /home/nikhilsai/bumperbot_ws/install/bumperbot_controller/lib/bumperbot_controller/noisy_controller
[0.257s] -- Up-to-date: /home/nikhilsai/bumperbot_ws/install/bumperbot_controller/lib/bumperbot_controller/twist_relay
[0.257s] -- Up-to-date: /home/nikhilsai/bumperbot_ws/install/bumperbot_controller/share/bumperbot_controller/launch
[0.257s] -- Up-to-date: /home/nikhilsai/bumperbot_ws/install/bumperbot_controller/share/bumperbot_controller/launch/joystick_teleop.launch.py
[0.257s] -- Up-to-date: /home/nikhilsai/bumperbot_ws/install/bumperbot_controller/share/bumperbot_controller/launch/controller.launch.py
[0.257s] -- Up-to-date: /home/nikhilsai/bumperbot_ws/install/bumperbot_controller/share/bumperbot_controller/config
[0.257s] -- Up-to-date: /home/nikhilsai/bumperbot_ws/install/bumperbot_controller/share/bumperbot_controller/config/twist_mux_joy.yaml
[0.257s] -- Up-to-date: /home/nikhilsai/bumperbot_ws/install/bumperbot_controller/share/bumperbot_controller/config/twist_mux_topics.yaml
[0.258s] -- Up-to-date: /home/nikhilsai/bumperbot_ws/install/bumperbot_controller/share/bumperbot_controller/config/twist_mux_locks.yaml
[0.258s] -- Up-to-date: /home/nikhilsai/bumperbot_ws/install/bumperbot_controller/share/bumperbot_controller/config/bumperbot_controllers.yaml
[0.258s] -- Up-to-date: /home/nikhilsai/bumperbot_ws/install/bumperbot_controller/share/bumperbot_controller/config/joy_teleop.yaml
[0.258s] -- Up-to-date: /home/nikhilsai/bumperbot_ws/install/bumperbot_controller/share/bumperbot_controller/config/joy_config.yaml
[0.258s] -- Up-to-date: /home/nikhilsai/bumperbot_ws/install/bumperbot_controller/lib/bumperbot_controller/simple_controller.py
[0.258s] -- Up-to-date: /home/nikhilsai/bumperbot_ws/install/bumperbot_controller/lib/bumperbot_controller/noisy_controller.py
[0.258s] -- Up-to-date: /home/nikhilsai/bumperbot_ws/install/bumperbot_controller/lib/bumperbot_controller/twist_relay.py
[0.258s] -- Up-to-date: /home/nikhilsai/bumperbot_ws/install/bumperbot_controller/share/ament_index/resource_index/package_run_dependencies/bumperbot_controller
[0.258s] -- Up-to-date: /home/nikhilsai/bumperbot_ws/install/bumperbot_controller/share/ament_index/resource_index/parent_prefix_path/bumperbot_controller
[0.258s] -- Up-to-date: /home/nikhilsai/bumperbot_ws/install/bumperbot_controller/share/bumperbot_controller/environment/ament_prefix_path.sh
[0.258s] -- Up-to-date: /home/nikhilsai/bumperbot_ws/install/bumperbot_controller/share/bumperbot_controller/environment/ament_prefix_path.dsv
[0.258s] -- Up-to-date: /home/nikhilsai/bumperbot_ws/install/bumperbot_controller/share/bumperbot_controller/environment/path.sh
[0.258s] -- Up-to-date: /home/nikhilsai/bumperbot_ws/install/bumperbot_controller/share/bumperbot_controller/environment/path.dsv
[0.258s] -- Up-to-date: /home/nikhilsai/bumperbot_ws/install/bumperbot_controller/share/bumperbot_controller/local_setup.bash
[0.258s] -- Up-to-date: /home/nikhilsai/bumperbot_ws/install/bumperbot_controller/share/bumperbot_controller/local_setup.sh
[0.258s] -- Up-to-date: /home/nikhilsai/bumperbot_ws/install/bumperbot_controller/share/bumperbot_controller/local_setup.zsh
[0.258s] -- Up-to-date: /home/nikhilsai/bumperbot_ws/install/bumperbot_controller/share/bumperbot_controller/local_setup.dsv
[0.258s] -- Installing: /home/nikhilsai/bumperbot_ws/install/bumperbot_controller/share/bumperbot_controller/package.dsv
[0.258s] -- Up-to-date: /home/nikhilsai/bumperbot_ws/install/bumperbot_controller/share/ament_index/resource_index/packages/bumperbot_controller
[0.258s] -- Up-to-date: /home/nikhilsai/bumperbot_ws/install/bumperbot_controller/share/bumperbot_controller/cmake/bumperbot_controllerConfig.cmake
[0.258s] -- Up-to-date: /home/nikhilsai/bumperbot_ws/install/bumperbot_controller/share/bumperbot_controller/cmake/bumperbot_controllerConfig-version.cmake
[0.258s] -- Up-to-date: /home/nikhilsai/bumperbot_ws/install/bumperbot_controller/share/bumperbot_controller/package.xml
[0.260s] Invoked command in '/home/nikhilsai/bumperbot_ws/build/bumperbot_controller' returned '0': CMAKE_PREFIX_PATH=${CMAKE_PREFIX_PATH}:/home/nikhilsai/bumperbot_ws/install/bumperbot_py_examples:/opt/ros/humble /usr/bin/cmake --install /home/nikhilsai/bumperbot_ws/build/bumperbot_controller
