[0.847s] Invoking command in '/home/nikhilsai/bumperbot_ws/src/bumperbot_py_examples': AMENT_PREFIX_PATH=/home/nikhilsai/bumperbot_ws/install/bumperbot_msgs:${AMENT_PREFIX_PATH} CMAKE_PREFIX_PATH=/home/nikhilsai/bumperbot_ws/install/bumperbot_msgs LD_LIBRARY_PATH=/home/nikhilsai/bumperbot_ws/install/bumperbot_msgs/lib:${LD_LIBRARY_PATH} PYTHONPATH=/home/nikhilsai/bumperbot_ws/build/bumperbot_py_examples/prefix_override:/usr/lib/python3/dist-packages/colcon_core/task/python/colcon_distutils_commands:/home/nikhilsai/bumperbot_ws/install/bumperbot_py_examples/lib/python3.10/site-packages:/home/nikhilsai/bumperbot_ws/install/bumperbot_msgs/local/lib/python3.10/dist-packages:${PYTHONPATH} /usr/bin/python3 -W ignore:setup.py install is deprecated -W ignore:easy_install command is deprecated setup.py egg_info --egg-base ../../build/bumperbot_py_examples build --build-base /home/nikhilsai/bumperbot_ws/build/bumperbot_py_examples/build install --record /home/nikhilsai/bumperbot_ws/build/bumperbot_py_examples/install.log --single-version-externally-managed install_data
[1.164s] running egg_info
[1.164s] creating ../../build/bumperbot_py_examples/bumperbot_py_examples.egg-info
[1.165s] writing ../../build/bumperbot_py_examples/bumperbot_py_examples.egg-info/PKG-INFO
[1.165s] writing dependency_links to ../../build/bumperbot_py_examples/bumperbot_py_examples.egg-info/dependency_links.txt
[1.165s] writing entry points to ../../build/bumperbot_py_examples/bumperbot_py_examples.egg-info/entry_points.txt
[1.165s] writing requirements to ../../build/bumperbot_py_examples/bumperbot_py_examples.egg-info/requires.txt
[1.165s] writing top-level names to ../../build/bumperbot_py_examples/bumperbot_py_examples.egg-info/top_level.txt
[1.166s] writing manifest file '../../build/bumperbot_py_examples/bumperbot_py_examples.egg-info/SOURCES.txt'
[1.168s] reading manifest file '../../build/bumperbot_py_examples/bumperbot_py_examples.egg-info/SOURCES.txt'
[1.170s] writing manifest file '../../build/bumperbot_py_examples/bumperbot_py_examples.egg-info/SOURCES.txt'
[1.170s] running build
[1.170s] running build_py
[1.170s] creating /home/nikhilsai/bumperbot_ws/build/bumperbot_py_examples/build
[1.171s] creating /home/nikhilsai/bumperbot_ws/build/bumperbot_py_examples/build/lib
[1.171s] creating /home/nikhilsai/bumperbot_ws/build/bumperbot_py_examples/build/lib/bumperbot_py_examples
[1.171s] copying bumperbot_py_examples/simple_service_server.py -> /home/nikhilsai/bumperbot_ws/build/bumperbot_py_examples/build/lib/bumperbot_py_examples
[1.171s] copying bumperbot_py_examples/simple_publisher.py -> /home/nikhilsai/bumperbot_ws/build/bumperbot_py_examples/build/lib/bumperbot_py_examples
[1.171s] copying bumperbot_py_examples/simple_action_client.py -> /home/nikhilsai/bumperbot_ws/build/bumperbot_py_examples/build/lib/bumperbot_py_examples
[1.171s] copying bumperbot_py_examples/simple_parameter.py -> /home/nikhilsai/bumperbot_ws/build/bumperbot_py_examples/build/lib/bumperbot_py_examples
[1.171s] copying bumperbot_py_examples/simple_qos_publisher.py -> /home/nikhilsai/bumperbot_ws/build/bumperbot_py_examples/build/lib/bumperbot_py_examples
[1.171s] copying bumperbot_py_examples/simple_qos_subscriber.py -> /home/nikhilsai/bumperbot_ws/build/bumperbot_py_examples/build/lib/bumperbot_py_examples
[1.171s] copying bumperbot_py_examples/simple_tf_kinematics.py -> /home/nikhilsai/bumperbot_ws/build/bumperbot_py_examples/build/lib/bumperbot_py_examples
[1.171s] copying bumperbot_py_examples/simple_action_server.py -> /home/nikhilsai/bumperbot_ws/build/bumperbot_py_examples/build/lib/bumperbot_py_examples
[1.172s] copying bumperbot_py_examples/simple_service_client.py -> /home/nikhilsai/bumperbot_ws/build/bumperbot_py_examples/build/lib/bumperbot_py_examples
[1.172s] copying bumperbot_py_examples/simple_turtlesim_kinematics.py -> /home/nikhilsai/bumperbot_ws/build/bumperbot_py_examples/build/lib/bumperbot_py_examples
[1.172s] copying bumperbot_py_examples/simple_lifecycle_node.py -> /home/nikhilsai/bumperbot_ws/build/bumperbot_py_examples/build/lib/bumperbot_py_examples
[1.172s] copying bumperbot_py_examples/simple_subscriber.py -> /home/nikhilsai/bumperbot_ws/build/bumperbot_py_examples/build/lib/bumperbot_py_examples
[1.172s] copying bumperbot_py_examples/__init__.py -> /home/nikhilsai/bumperbot_ws/build/bumperbot_py_examples/build/lib/bumperbot_py_examples
[1.172s] running install
[1.173s] running install_lib
[1.174s] creating /home/nikhilsai/bumperbot_ws/install/bumperbot_py_examples/lib/python3.10/site-packages/bumperbot_py_examples
[1.174s] copying /home/nikhilsai/bumperbot_ws/build/bumperbot_py_examples/build/lib/bumperbot_py_examples/simple_service_server.py -> /home/nikhilsai/bumperbot_ws/install/bumperbot_py_examples/lib/python3.10/site-packages/bumperbot_py_examples
[1.174s] copying /home/nikhilsai/bumperbot_ws/build/bumperbot_py_examples/build/lib/bumperbot_py_examples/simple_publisher.py -> /home/nikhilsai/bumperbot_ws/install/bumperbot_py_examples/lib/python3.10/site-packages/bumperbot_py_examples
[1.174s] copying /home/nikhilsai/bumperbot_ws/build/bumperbot_py_examples/build/lib/bumperbot_py_examples/simple_action_client.py -> /home/nikhilsai/bumperbot_ws/install/bumperbot_py_examples/lib/python3.10/site-packages/bumperbot_py_examples
[1.174s] copying /home/nikhilsai/bumperbot_ws/build/bumperbot_py_examples/build/lib/bumperbot_py_examples/simple_parameter.py -> /home/nikhilsai/bumperbot_ws/install/bumperbot_py_examples/lib/python3.10/site-packages/bumperbot_py_examples
[1.174s] copying /home/nikhilsai/bumperbot_ws/build/bumperbot_py_examples/build/lib/bumperbot_py_examples/simple_qos_publisher.py -> /home/nikhilsai/bumperbot_ws/install/bumperbot_py_examples/lib/python3.10/site-packages/bumperbot_py_examples
[1.174s] copying /home/nikhilsai/bumperbot_ws/build/bumperbot_py_examples/build/lib/bumperbot_py_examples/simple_qos_subscriber.py -> /home/nikhilsai/bumperbot_ws/install/bumperbot_py_examples/lib/python3.10/site-packages/bumperbot_py_examples
[1.175s] copying /home/nikhilsai/bumperbot_ws/build/bumperbot_py_examples/build/lib/bumperbot_py_examples/simple_tf_kinematics.py -> /home/nikhilsai/bumperbot_ws/install/bumperbot_py_examples/lib/python3.10/site-packages/bumperbot_py_examples
[1.175s] copying /home/nikhilsai/bumperbot_ws/build/bumperbot_py_examples/build/lib/bumperbot_py_examples/simple_action_server.py -> /home/nikhilsai/bumperbot_ws/install/bumperbot_py_examples/lib/python3.10/site-packages/bumperbot_py_examples
[1.175s] copying /home/nikhilsai/bumperbot_ws/build/bumperbot_py_examples/build/lib/bumperbot_py_examples/simple_service_client.py -> /home/nikhilsai/bumperbot_ws/install/bumperbot_py_examples/lib/python3.10/site-packages/bumperbot_py_examples
[1.175s] copying /home/nikhilsai/bumperbot_ws/build/bumperbot_py_examples/build/lib/bumperbot_py_examples/simple_turtlesim_kinematics.py -> /home/nikhilsai/bumperbot_ws/install/bumperbot_py_examples/lib/python3.10/site-packages/bumperbot_py_examples
[1.175s] copying /home/nikhilsai/bumperbot_ws/build/bumperbot_py_examples/build/lib/bumperbot_py_examples/simple_lifecycle_node.py -> /home/nikhilsai/bumperbot_ws/install/bumperbot_py_examples/lib/python3.10/site-packages/bumperbot_py_examples
[1.175s] copying /home/nikhilsai/bumperbot_ws/build/bumperbot_py_examples/build/lib/bumperbot_py_examples/simple_subscriber.py -> /home/nikhilsai/bumperbot_ws/install/bumperbot_py_examples/lib/python3.10/site-packages/bumperbot_py_examples
[1.175s] copying /home/nikhilsai/bumperbot_ws/build/bumperbot_py_examples/build/lib/bumperbot_py_examples/__init__.py -> /home/nikhilsai/bumperbot_ws/install/bumperbot_py_examples/lib/python3.10/site-packages/bumperbot_py_examples
[1.176s] byte-compiling /home/nikhilsai/bumperbot_ws/install/bumperbot_py_examples/lib/python3.10/site-packages/bumperbot_py_examples/simple_service_server.py to simple_service_server.cpython-310.pyc
[1.176s] byte-compiling /home/nikhilsai/bumperbot_ws/install/bumperbot_py_examples/lib/python3.10/site-packages/bumperbot_py_examples/simple_publisher.py to simple_publisher.cpython-310.pyc
[1.177s] byte-compiling /home/nikhilsai/bumperbot_ws/install/bumperbot_py_examples/lib/python3.10/site-packages/bumperbot_py_examples/simple_action_client.py to simple_action_client.cpython-310.pyc
[1.177s] byte-compiling /home/nikhilsai/bumperbot_ws/install/bumperbot_py_examples/lib/python3.10/site-packages/bumperbot_py_examples/simple_parameter.py to simple_parameter.cpython-310.pyc
[1.178s] byte-compiling /home/nikhilsai/bumperbot_ws/install/bumperbot_py_examples/lib/python3.10/site-packages/bumperbot_py_examples/simple_qos_publisher.py to simple_qos_publisher.cpython-310.pyc
[1.179s] byte-compiling /home/nikhilsai/bumperbot_ws/install/bumperbot_py_examples/lib/python3.10/site-packages/bumperbot_py_examples/simple_qos_subscriber.py to simple_qos_subscriber.cpython-310.pyc
[1.179s] byte-compiling /home/nikhilsai/bumperbot_ws/install/bumperbot_py_examples/lib/python3.10/site-packages/bumperbot_py_examples/simple_tf_kinematics.py to simple_tf_kinematics.cpython-310.pyc
[1.180s] byte-compiling /home/nikhilsai/bumperbot_ws/install/bumperbot_py_examples/lib/python3.10/site-packages/bumperbot_py_examples/simple_action_server.py to simple_action_server.cpython-310.pyc
[1.181s] byte-compiling /home/nikhilsai/bumperbot_ws/install/bumperbot_py_examples/lib/python3.10/site-packages/bumperbot_py_examples/simple_service_client.py to simple_service_client.cpython-310.pyc
[1.181s] byte-compiling /home/nikhilsai/bumperbot_ws/install/bumperbot_py_examples/lib/python3.10/site-packages/bumperbot_py_examples/simple_turtlesim_kinematics.py to simple_turtlesim_kinematics.cpython-310.pyc
[1.182s] byte-compiling /home/nikhilsai/bumperbot_ws/install/bumperbot_py_examples/lib/python3.10/site-packages/bumperbot_py_examples/simple_lifecycle_node.py to simple_lifecycle_node.cpython-310.pyc
[1.182s] byte-compiling /home/nikhilsai/bumperbot_ws/install/bumperbot_py_examples/lib/python3.10/site-packages/bumperbot_py_examples/simple_subscriber.py to simple_subscriber.cpython-310.pyc
[1.183s] byte-compiling /home/nikhilsai/bumperbot_ws/install/bumperbot_py_examples/lib/python3.10/site-packages/bumperbot_py_examples/__init__.py to __init__.cpython-310.pyc
[1.183s] running install_data
[1.183s] creating /home/nikhilsai/bumperbot_ws/install/bumperbot_py_examples/share/ament_index
[1.183s] creating /home/nikhilsai/bumperbot_ws/install/bumperbot_py_examples/share/ament_index/resource_index
[1.183s] creating /home/nikhilsai/bumperbot_ws/install/bumperbot_py_examples/share/ament_index/resource_index/packages
[1.183s] copying resource/bumperbot_py_examples -> /home/nikhilsai/bumperbot_ws/install/bumperbot_py_examples/share/ament_index/resource_index/packages
[1.183s] copying package.xml -> /home/nikhilsai/bumperbot_ws/install/bumperbot_py_examples/share/bumperbot_py_examples
[1.183s] running install_egg_info
[1.186s] Copying ../../build/bumperbot_py_examples/bumperbot_py_examples.egg-info to /home/nikhilsai/bumperbot_ws/install/bumperbot_py_examples/lib/python3.10/site-packages/bumperbot_py_examples-0.0.0-py3.10.egg-info
[1.187s] running install_scripts
[1.214s] Installing simple_action_client script to /home/nikhilsai/bumperbot_ws/install/bumperbot_py_examples/lib/bumperbot_py_examples
[1.214s] Installing simple_action_server script to /home/nikhilsai/bumperbot_ws/install/bumperbot_py_examples/lib/bumperbot_py_examples
[1.214s] Installing simple_lifecycle_node script to /home/nikhilsai/bumperbot_ws/install/bumperbot_py_examples/lib/bumperbot_py_examples
[1.215s] Installing simple_parameter script to /home/nikhilsai/bumperbot_ws/install/bumperbot_py_examples/lib/bumperbot_py_examples
[1.215s] Installing simple_publisher script to /home/nikhilsai/bumperbot_ws/install/bumperbot_py_examples/lib/bumperbot_py_examples
[1.215s] Installing simple_qos_publisher script to /home/nikhilsai/bumperbot_ws/install/bumperbot_py_examples/lib/bumperbot_py_examples
[1.215s] Installing simple_qos_subscriber script to /home/nikhilsai/bumperbot_ws/install/bumperbot_py_examples/lib/bumperbot_py_examples
[1.215s] Installing simple_service_client script to /home/nikhilsai/bumperbot_ws/install/bumperbot_py_examples/lib/bumperbot_py_examples
[1.215s] Installing simple_service_server script to /home/nikhilsai/bumperbot_ws/install/bumperbot_py_examples/lib/bumperbot_py_examples
[1.215s] Installing simple_subscriber script to /home/nikhilsai/bumperbot_ws/install/bumperbot_py_examples/lib/bumperbot_py_examples
[1.215s] Installing simple_tf_kinematics script to /home/nikhilsai/bumperbot_ws/install/bumperbot_py_examples/lib/bumperbot_py_examples
[1.215s] Installing simple_turtlesim_kinematics script to /home/nikhilsai/bumperbot_ws/install/bumperbot_py_examples/lib/bumperbot_py_examples
[1.216s] writing list of installed files to '/home/nikhilsai/bumperbot_ws/build/bumperbot_py_examples/install.log'
[1.247s] Invoked command in '/home/nikhilsai/bumperbot_ws/src/bumperbot_py_examples' returned '0': AMENT_PREFIX_PATH=/home/nikhilsai/bumperbot_ws/install/bumperbot_msgs:${AMENT_PREFIX_PATH} CMAKE_PREFIX_PATH=/home/nikhilsai/bumperbot_ws/install/bumperbot_msgs LD_LIBRARY_PATH=/home/nikhilsai/bumperbot_ws/install/bumperbot_msgs/lib:${LD_LIBRARY_PATH} PYTHONPATH=/home/nikhilsai/bumperbot_ws/build/bumperbot_py_examples/prefix_override:/usr/lib/python3/dist-packages/colcon_core/task/python/colcon_distutils_commands:/home/nikhilsai/bumperbot_ws/install/bumperbot_py_examples/lib/python3.10/site-packages:/home/nikhilsai/bumperbot_ws/install/bumperbot_msgs/local/lib/python3.10/dist-packages:${PYTHONPATH} /usr/bin/python3 -W ignore:setup.py install is deprecated -W ignore:easy_install command is deprecated setup.py egg_info --egg-base ../../build/bumperbot_py_examples build --build-base /home/nikhilsai/bumperbot_ws/build/bumperbot_py_examples/build install --record /home/nikhilsai/bumperbot_ws/build/bumperbot_py_examples/install.log --single-version-externally-managed install_data
