[0.008s] Invoking command in '/home/nikhilsai/bumperbot_ws/build/bumperbot_bringup': CMAKE_PREFIX_PATH=/home/nikhilsai/bumperbot_ws/install/bumperbot_mapping:/home/nikhilsai/bumperbot_ws/install/bumperbot_localization:/home/nikhilsai/bumperbot_ws/install/bumperbot_description:/home/nikhilsai/bumperbot_ws/install/bumperbot_controller:/home/nikhilsai/bumperbot_ws/install/bumperbot_utils:/home/nikhilsai/bumperbot_ws/install/bumperbot_cpp_examples:/home/nikhilsai/bumperbot_ws/install/bumperbot_msgs:/home/nikhilsai/bumperbot_ws/install/bumperbot_bringup:/home/nikhilsai/bumperbot_ws/install/bumperbot_py_examples:/opt/ros/humble /usr/bin/cmake --build /home/nikhilsai/bumperbot_ws/build/bumperbot_bringup -- -j28 -l28
[0.146s] Invoked command in '/home/nikhilsai/bumperbot_ws/build/bumperbot_bringup' returned '0': CMAKE_PREFIX_PATH=/home/nikhilsai/bumperbot_ws/install/bumperbot_mapping:/home/nikhilsai/bumperbot_ws/install/bumperbot_localization:/home/nikhilsai/bumperbot_ws/install/bumperbot_description:/home/nikhilsai/bumperbot_ws/install/bumperbot_controller:/home/nikhilsai/bumperbot_ws/install/bumperbot_utils:/home/nikhilsai/bumperbot_ws/install/bumperbot_cpp_examples:/home/nikhilsai/bumperbot_ws/install/bumperbot_msgs:/home/nikhilsai/bumperbot_ws/install/bumperbot_bringup:/home/nikhilsai/bumperbot_ws/install/bumperbot_py_examples:/opt/ros/humble /usr/bin/cmake --build /home/nikhilsai/bumperbot_ws/build/bumperbot_bringup -- -j28 -l28
[0.146s] Invoking command in '/home/nikhilsai/bumperbot_ws/build/bumperbot_bringup': CMAKE_PREFIX_PATH=/home/nikhilsai/bumperbot_ws/install/bumperbot_mapping:/home/nikhilsai/bumperbot_ws/install/bumperbot_localization:/home/nikhilsai/bumperbot_ws/install/bumperbot_description:/home/nikhilsai/bumperbot_ws/install/bumperbot_controller:/home/nikhilsai/bumperbot_ws/install/bumperbot_utils:/home/nikhilsai/bumperbot_ws/install/bumperbot_cpp_examples:/home/nikhilsai/bumperbot_ws/install/bumperbot_msgs:/home/nikhilsai/bumperbot_ws/install/bumperbot_bringup:/home/nikhilsai/bumperbot_ws/install/bumperbot_py_examples:/opt/ros/humble /usr/bin/cmake --install /home/nikhilsai/bumperbot_ws/build/bumperbot_bringup
[0.151s] -- Install configuration: ""
[0.151s] -- Up-to-date: /home/nikhilsai/bumperbot_ws/install/bumperbot_bringup/share/bumperbot_bringup/config
[0.151s] -- Up-to-date: /home/nikhilsai/bumperbot_ws/install/bumperbot_bringup/share/bumperbot_bringup/config/rplidar_a1.yaml
[0.151s] -- Up-to-date: /home/nikhilsai/bumperbot_ws/install/bumperbot_bringup/share/bumperbot_bringup/launch
[0.151s] -- Up-to-date: /home/nikhilsai/bumperbot_ws/install/bumperbot_bringup/share/bumperbot_bringup/launch/real_robot.launch.py
[0.151s] -- Up-to-date: /home/nikhilsai/bumperbot_ws/install/bumperbot_bringup/share/bumperbot_bringup/launch/simulated_robot.launch.py
[0.151s] -- Up-to-date: /home/nikhilsai/bumperbot_ws/install/bumperbot_bringup/share/ament_index/resource_index/package_run_dependencies/bumperbot_bringup
[0.151s] -- Up-to-date: /home/nikhilsai/bumperbot_ws/install/bumperbot_bringup/share/ament_index/resource_index/parent_prefix_path/bumperbot_bringup
[0.151s] -- Up-to-date: /home/nikhilsai/bumperbot_ws/install/bumperbot_bringup/share/bumperbot_bringup/environment/ament_prefix_path.sh
[0.151s] -- Up-to-date: /home/nikhilsai/bumperbot_ws/install/bumperbot_bringup/share/bumperbot_bringup/environment/ament_prefix_path.dsv
[0.151s] -- Up-to-date: /home/nikhilsai/bumperbot_ws/install/bumperbot_bringup/share/bumperbot_bringup/environment/path.sh
[0.151s] -- Up-to-date: /home/nikhilsai/bumperbot_ws/install/bumperbot_bringup/share/bumperbot_bringup/environment/path.dsv
[0.151s] -- Up-to-date: /home/nikhilsai/bumperbot_ws/install/bumperbot_bringup/share/bumperbot_bringup/local_setup.bash
[0.151s] -- Up-to-date: /home/nikhilsai/bumperbot_ws/install/bumperbot_bringup/share/bumperbot_bringup/local_setup.sh
[0.151s] -- Up-to-date: /home/nikhilsai/bumperbot_ws/install/bumperbot_bringup/share/bumperbot_bringup/local_setup.zsh
[0.151s] -- Up-to-date: /home/nikhilsai/bumperbot_ws/install/bumperbot_bringup/share/bumperbot_bringup/local_setup.dsv
[0.151s] -- Installing: /home/nikhilsai/bumperbot_ws/install/bumperbot_bringup/share/bumperbot_bringup/package.dsv
[0.151s] -- Up-to-date: /home/nikhilsai/bumperbot_ws/install/bumperbot_bringup/share/ament_index/resource_index/packages/bumperbot_bringup
[0.151s] -- Up-to-date: /home/nikhilsai/bumperbot_ws/install/bumperbot_bringup/share/bumperbot_bringup/cmake/bumperbot_bringupConfig.cmake
[0.151s] -- Up-to-date: /home/nikhilsai/bumperbot_ws/install/bumperbot_bringup/share/bumperbot_bringup/cmake/bumperbot_bringupConfig-version.cmake
[0.151s] -- Up-to-date: /home/nikhilsai/bumperbot_ws/install/bumperbot_bringup/share/bumperbot_bringup/package.xml
[0.153s] Invoked command in '/home/nikhilsai/bumperbot_ws/build/bumperbot_bringup' returned '0': CMAKE_PREFIX_PATH=/home/nikhilsai/bumperbot_ws/install/bumperbot_mapping:/home/nikhilsai/bumperbot_ws/install/bumperbot_localization:/home/nikhilsai/bumperbot_ws/install/bumperbot_description:/home/nikhilsai/bumperbot_ws/install/bumperbot_controller:/home/nikhilsai/bumperbot_ws/install/bumperbot_utils:/home/nikhilsai/bumperbot_ws/install/bumperbot_cpp_examples:/home/nikhilsai/bumperbot_ws/install/bumperbot_msgs:/home/nikhilsai/bumperbot_ws/install/bumperbot_bringup:/home/nikhilsai/bumperbot_ws/install/bumperbot_py_examples:/opt/ros/humble /usr/bin/cmake --install /home/nikhilsai/bumperbot_ws/build/bumperbot_bringup
