[0.307s] Invoking command in '/home/nikhilsai/bumperbot_ws/src/bumperbot_py_examples': CMAKE_PREFIX_PATH=/home/nikhilsai/bumperbot_ws/install/bumperbot_msgs:/home/nikhilsai/bumperbot_ws/install/bumperbot_utils:/home/nikhilsai/bumperbot_ws/install/bumperbot_cpp_examples:/home/nikhilsai/bumperbot_ws/install/bumperbot_bringup:/home/nikhilsai/bumperbot_ws/install/bumperbot_mapping:/home/nikhilsai/bumperbot_ws/install/bumperbot_localization:/home/nikhilsai/bumperbot_ws/install/bumperbot_description:/home/nikhilsai/bumperbot_ws/install/bumperbot_controller LD_LIBRARY_PATH=/home/nikhilsai/bumperbot_ws/install/bumperbot_msgs/lib:/home/nikhilsai/bumperbot_ws/install/bumperbot_cpp_examples/lib:/usr/lib/x86_64-linux-gnu/gazebo-11/plugins:/opt/ros/humble/opt/rviz_ogre_vendor/lib:/opt/ros/humble/lib/x86_64-linux-gnu:/opt/ros/humble/lib PYTHONPATH=/home/nikhilsai/bumperbot_ws/build/bumperbot_py_examples/prefix_override:/usr/lib/python3/dist-packages/colcon_core/task/python/colcon_distutils_commands:/home/nikhilsai/bumperbot_ws/install/bumperbot_py_examples/lib/python3.10/site-packages:${PYTHONPATH} /usr/bin/python3 -W ignore:setup.py install is deprecated -W ignore:easy_install command is deprecated setup.py egg_info --egg-base ../../build/bumperbot_py_examples build --build-base /home/nikhilsai/bumperbot_ws/build/bumperbot_py_examples/build install --record /home/nikhilsai/bumperbot_ws/build/bumperbot_py_examples/install.log --single-version-externally-managed install_data
[0.412s] running egg_info
[0.412s] writing ../../build/bumperbot_py_examples/bumperbot_py_examples.egg-info/PKG-INFO
[0.412s] writing dependency_links to ../../build/bumperbot_py_examples/bumperbot_py_examples.egg-info/dependency_links.txt
[0.412s] writing entry points to ../../build/bumperbot_py_examples/bumperbot_py_examples.egg-info/entry_points.txt
[0.412s] writing requirements to ../../build/bumperbot_py_examples/bumperbot_py_examples.egg-info/requires.txt
[0.412s] writing top-level names to ../../build/bumperbot_py_examples/bumperbot_py_examples.egg-info/top_level.txt
[0.413s] reading manifest file '../../build/bumperbot_py_examples/bumperbot_py_examples.egg-info/SOURCES.txt'
[0.413s] writing manifest file '../../build/bumperbot_py_examples/bumperbot_py_examples.egg-info/SOURCES.txt'
[0.413s] running build
[0.413s] running build_py
[0.414s] running install
[0.414s] running install_lib
[0.414s] running install_data
[0.414s] running install_egg_info
[0.415s] removing '/home/nikhilsai/bumperbot_ws/install/bumperbot_py_examples/lib/python3.10/site-packages/bumperbot_py_examples-0.0.0-py3.10.egg-info' (and everything under it)
[0.415s] Copying ../../build/bumperbot_py_examples/bumperbot_py_examples.egg-info to /home/nikhilsai/bumperbot_ws/install/bumperbot_py_examples/lib/python3.10/site-packages/bumperbot_py_examples-0.0.0-py3.10.egg-info
[0.415s] running install_scripts
[0.425s] Installing key_control script to /home/nikhilsai/bumperbot_ws/install/bumperbot_py_examples/lib/bumperbot_py_examples
[0.425s] Installing simple_action_client script to /home/nikhilsai/bumperbot_ws/install/bumperbot_py_examples/lib/bumperbot_py_examples
[0.425s] Installing simple_action_server script to /home/nikhilsai/bumperbot_ws/install/bumperbot_py_examples/lib/bumperbot_py_examples
[0.425s] Installing simple_lifecycle_node script to /home/nikhilsai/bumperbot_ws/install/bumperbot_py_examples/lib/bumperbot_py_examples
[0.425s] Installing simple_parameter script to /home/nikhilsai/bumperbot_ws/install/bumperbot_py_examples/lib/bumperbot_py_examples
[0.425s] Installing simple_publisher script to /home/nikhilsai/bumperbot_ws/install/bumperbot_py_examples/lib/bumperbot_py_examples
[0.425s] Installing simple_qos_publisher script to /home/nikhilsai/bumperbot_ws/install/bumperbot_py_examples/lib/bumperbot_py_examples
[0.425s] Installing simple_qos_subscriber script to /home/nikhilsai/bumperbot_ws/install/bumperbot_py_examples/lib/bumperbot_py_examples
[0.425s] Installing simple_service_client script to /home/nikhilsai/bumperbot_ws/install/bumperbot_py_examples/lib/bumperbot_py_examples
[0.425s] Installing simple_service_server script to /home/nikhilsai/bumperbot_ws/install/bumperbot_py_examples/lib/bumperbot_py_examples
[0.425s] Installing simple_subscriber script to /home/nikhilsai/bumperbot_ws/install/bumperbot_py_examples/lib/bumperbot_py_examples
[0.425s] Installing simple_tf_kinematics script to /home/nikhilsai/bumperbot_ws/install/bumperbot_py_examples/lib/bumperbot_py_examples
[0.425s] Installing simple_turtlesim_kinematics script to /home/nikhilsai/bumperbot_ws/install/bumperbot_py_examples/lib/bumperbot_py_examples
[0.425s] writing list of installed files to '/home/nikhilsai/bumperbot_ws/build/bumperbot_py_examples/install.log'
[0.436s] Invoked command in '/home/nikhilsai/bumperbot_ws/src/bumperbot_py_examples' returned '0': CMAKE_PREFIX_PATH=/home/nikhilsai/bumperbot_ws/install/bumperbot_msgs:/home/nikhilsai/bumperbot_ws/install/bumperbot_utils:/home/nikhilsai/bumperbot_ws/install/bumperbot_cpp_examples:/home/nikhilsai/bumperbot_ws/install/bumperbot_bringup:/home/nikhilsai/bumperbot_ws/install/bumperbot_mapping:/home/nikhilsai/bumperbot_ws/install/bumperbot_localization:/home/nikhilsai/bumperbot_ws/install/bumperbot_description:/home/nikhilsai/bumperbot_ws/install/bumperbot_controller LD_LIBRARY_PATH=/home/nikhilsai/bumperbot_ws/install/bumperbot_msgs/lib:/home/nikhilsai/bumperbot_ws/install/bumperbot_cpp_examples/lib:/usr/lib/x86_64-linux-gnu/gazebo-11/plugins:/opt/ros/humble/opt/rviz_ogre_vendor/lib:/opt/ros/humble/lib/x86_64-linux-gnu:/opt/ros/humble/lib PYTHONPATH=/home/nikhilsai/bumperbot_ws/build/bumperbot_py_examples/prefix_override:/usr/lib/python3/dist-packages/colcon_core/task/python/colcon_distutils_commands:/home/nikhilsai/bumperbot_ws/install/bumperbot_py_examples/lib/python3.10/site-packages:${PYTHONPATH} /usr/bin/python3 -W ignore:setup.py install is deprecated -W ignore:easy_install command is deprecated setup.py egg_info --egg-base ../../build/bumperbot_py_examples build --build-base /home/nikhilsai/bumperbot_ws/build/bumperbot_py_examples/build install --record /home/nikhilsai/bumperbot_ws/build/bumperbot_py_examples/install.log --single-version-externally-managed install_data
