[0.007s] Invoking command in '/home/nikhilsai/bumperbot_ws/build/bumperbot_cpp_examples': CMAKE_PREFIX_PATH=/home/nikhilsai/bumperbot_ws/install/bumperbot_msgs:/home/nikhilsai/bumperbot_ws/install/bumperbot_utils:/home/nikhilsai/bumperbot_ws/install/bumperbot_cpp_examples:/home/nikhilsai/bumperbot_ws/install/bumperbot_bringup:/home/nikhilsai/bumperbot_ws/install/bumperbot_mapping:/home/nikhilsai/bumperbot_ws/install/bumperbot_localization:/home/nikhilsai/bumperbot_ws/install/bumperbot_description:/home/nikhilsai/bumperbot_ws/install/bumperbot_controller:/home/nikhilsai/bumperbot_ws/install/bumperbot_py_examples:/opt/ros/humble LD_LIBRARY_PATH=/home/nikhilsai/bumperbot_ws/install/bumperbot_msgs/lib:/home/nikhilsai/bumperbot_ws/install/bumperbot_cpp_examples/lib:/usr/lib/x86_64-linux-gnu/gazebo-11/plugins:/opt/ros/humble/opt/rviz_ogre_vendor/lib:/opt/ros/humble/lib/x86_64-linux-gnu:/opt/ros/humble/lib /usr/bin/cmake --build /home/nikhilsai/bumperbot_ws/build/bumperbot_cpp_examples -- -j28 -l28
[0.045s] [  7%] [32m[1mLinking CXX executable simple_service_client[0m
[0.045s] [  7%] [32m[1mLinking CXX executable simple_publisher[0m
[0.046s] [ 10%] [32m[1mLinking CXX executable simple_subscriber[0m
[0.047s] [ 14%] [32m[1mLinking CXX executable simple_action_client_node[0m
[0.048s] [ 17%] [32m[1mLinking CXX executable simple_qos_subscriber[0m
[0.048s] [ 21%] [32m[1mLinking CXX executable simple_turtlesim_kinematics[0m
[0.048s] [ 25%] [32m[1mLinking CXX executable simple_parameter[0m
[0.048s] [ 28%] [32m[1mLinking CXX executable simple_qos_publisher[0m
[0.048s] [ 32%] [32m[1mLinking CXX shared library libsimple_action_client.so[0m
[0.048s] [ 35%] [32m[1mLinking CXX shared library libsimple_action_server.so[0m
[0.050s] [ 39%] [32m[1mLinking CXX executable simple_lifecycle_node[0m
[0.050s] [ 42%] [32m[1mLinking CXX executable simple_tf_kinematics[0m
[0.050s] [ 46%] [32m[1mLinking CXX executable simple_service_server[0m
[0.051s] [ 50%] [32m[1mLinking CXX executable simple_action_server_node[0m
[0.121s] [ 53%] Built target simple_parameter
[0.162s] [ 57%] Built target simple_action_server
[0.167s] [ 60%] Built target simple_action_server_node
[0.168s] [ 67%] Built target simple_service_server
[0.168s] [ 67%] Built target simple_action_client_node
[0.170s] [ 71%] Built target simple_qos_publisher
[0.208s] [ 75%] Built target simple_tf_kinematics
[0.210s] [ 78%] Built target simple_action_client
[0.231s] [ 82%] Built target simple_service_client
[0.248s] [ 85%] Built target simple_publisher
[0.284s] [ 89%] Built target simple_turtlesim_kinematics
[0.325s] [ 92%] Built target simple_lifecycle_node
[0.337s] [ 96%] Built target simple_qos_subscriber
[0.347s] [100%] Built target simple_subscriber
[0.353s] Invoked command in '/home/nikhilsai/bumperbot_ws/build/bumperbot_cpp_examples' returned '0': CMAKE_PREFIX_PATH=/home/nikhilsai/bumperbot_ws/install/bumperbot_msgs:/home/nikhilsai/bumperbot_ws/install/bumperbot_utils:/home/nikhilsai/bumperbot_ws/install/bumperbot_cpp_examples:/home/nikhilsai/bumperbot_ws/install/bumperbot_bringup:/home/nikhilsai/bumperbot_ws/install/bumperbot_mapping:/home/nikhilsai/bumperbot_ws/install/bumperbot_localization:/home/nikhilsai/bumperbot_ws/install/bumperbot_description:/home/nikhilsai/bumperbot_ws/install/bumperbot_controller:/home/nikhilsai/bumperbot_ws/install/bumperbot_py_examples:/opt/ros/humble LD_LIBRARY_PATH=/home/nikhilsai/bumperbot_ws/install/bumperbot_msgs/lib:/home/nikhilsai/bumperbot_ws/install/bumperbot_cpp_examples/lib:/usr/lib/x86_64-linux-gnu/gazebo-11/plugins:/opt/ros/humble/opt/rviz_ogre_vendor/lib:/opt/ros/humble/lib/x86_64-linux-gnu:/opt/ros/humble/lib /usr/bin/cmake --build /home/nikhilsai/bumperbot_ws/build/bumperbot_cpp_examples -- -j28 -l28
[0.354s] Invoking command in '/home/nikhilsai/bumperbot_ws/build/bumperbot_cpp_examples': CMAKE_PREFIX_PATH=/home/nikhilsai/bumperbot_ws/install/bumperbot_msgs:/home/nikhilsai/bumperbot_ws/install/bumperbot_utils:/home/nikhilsai/bumperbot_ws/install/bumperbot_cpp_examples:/home/nikhilsai/bumperbot_ws/install/bumperbot_bringup:/home/nikhilsai/bumperbot_ws/install/bumperbot_mapping:/home/nikhilsai/bumperbot_ws/install/bumperbot_localization:/home/nikhilsai/bumperbot_ws/install/bumperbot_description:/home/nikhilsai/bumperbot_ws/install/bumperbot_controller:/home/nikhilsai/bumperbot_ws/install/bumperbot_py_examples:/opt/ros/humble LD_LIBRARY_PATH=/home/nikhilsai/bumperbot_ws/install/bumperbot_msgs/lib:/home/nikhilsai/bumperbot_ws/install/bumperbot_cpp_examples/lib:/usr/lib/x86_64-linux-gnu/gazebo-11/plugins:/opt/ros/humble/opt/rviz_ogre_vendor/lib:/opt/ros/humble/lib/x86_64-linux-gnu:/opt/ros/humble/lib /usr/bin/cmake --install /home/nikhilsai/bumperbot_ws/build/bumperbot_cpp_examples
[0.359s] -- Install configuration: ""
[0.359s] -- Installing: /home/nikhilsai/bumperbot_ws/install/bumperbot_cpp_examples/lib/bumperbot_cpp_examples/simple_action_server_node
[0.360s] -- Set runtime path of "/home/nikhilsai/bumperbot_ws/install/bumperbot_cpp_examples/lib/bumperbot_cpp_examples/simple_action_server_node" to ""
[0.360s] -- Installing: /home/nikhilsai/bumperbot_ws/install/bumperbot_cpp_examples/lib/bumperbot_cpp_examples/simple_action_client_node
[0.360s] -- Set runtime path of "/home/nikhilsai/bumperbot_ws/install/bumperbot_cpp_examples/lib/bumperbot_cpp_examples/simple_action_client_node" to ""
[0.360s] -- Up-to-date: /home/nikhilsai/bumperbot_ws/install/bumperbot_cpp_examples/include/include
[0.360s] -- Up-to-date: /home/nikhilsai/bumperbot_ws/install/bumperbot_cpp_examples/include/include/bumperbot_cpp_examples
[0.360s] -- Up-to-date: /home/nikhilsai/bumperbot_ws/install/bumperbot_cpp_examples/include/include/bumperbot_cpp_examples/simple_turtlesim_kinematics.hpp
[0.360s] -- Up-to-date: /home/nikhilsai/bumperbot_ws/install/bumperbot_cpp_examples/include/include/bumperbot_cpp_examples/simple_tf_kinematics.hpp
[0.361s] -- Installing: /home/nikhilsai/bumperbot_ws/install/bumperbot_cpp_examples/lib/bumperbot_cpp_examples/simple_publisher
[0.361s] -- Set runtime path of "/home/nikhilsai/bumperbot_ws/install/bumperbot_cpp_examples/lib/bumperbot_cpp_examples/simple_publisher" to ""
[0.361s] -- Installing: /home/nikhilsai/bumperbot_ws/install/bumperbot_cpp_examples/lib/bumperbot_cpp_examples/simple_subscriber
[0.363s] -- Set runtime path of "/home/nikhilsai/bumperbot_ws/install/bumperbot_cpp_examples/lib/bumperbot_cpp_examples/simple_subscriber" to ""
[0.363s] -- Installing: /home/nikhilsai/bumperbot_ws/install/bumperbot_cpp_examples/lib/bumperbot_cpp_examples/simple_parameter
[0.363s] -- Set runtime path of "/home/nikhilsai/bumperbot_ws/install/bumperbot_cpp_examples/lib/bumperbot_cpp_examples/simple_parameter" to ""
[0.363s] -- Installing: /home/nikhilsai/bumperbot_ws/install/bumperbot_cpp_examples/lib/bumperbot_cpp_examples/simple_turtlesim_kinematics
[0.365s] -- Set runtime path of "/home/nikhilsai/bumperbot_ws/install/bumperbot_cpp_examples/lib/bumperbot_cpp_examples/simple_turtlesim_kinematics" to ""
[0.365s] -- Installing: /home/nikhilsai/bumperbot_ws/install/bumperbot_cpp_examples/lib/bumperbot_cpp_examples/simple_service_server
[0.365s] -- Set runtime path of "/home/nikhilsai/bumperbot_ws/install/bumperbot_cpp_examples/lib/bumperbot_cpp_examples/simple_service_server" to ""
[0.366s] -- Installing: /home/nikhilsai/bumperbot_ws/install/bumperbot_cpp_examples/lib/bumperbot_cpp_examples/simple_service_client
[0.366s] -- Set runtime path of "/home/nikhilsai/bumperbot_ws/install/bumperbot_cpp_examples/lib/bumperbot_cpp_examples/simple_service_client" to ""
[0.366s] -- Installing: /home/nikhilsai/bumperbot_ws/install/bumperbot_cpp_examples/lib/bumperbot_cpp_examples/simple_tf_kinematics
[0.367s] -- Set runtime path of "/home/nikhilsai/bumperbot_ws/install/bumperbot_cpp_examples/lib/bumperbot_cpp_examples/simple_tf_kinematics" to ""
[0.367s] -- Installing: /home/nikhilsai/bumperbot_ws/install/bumperbot_cpp_examples/lib/bumperbot_cpp_examples/simple_lifecycle_node
[0.368s] -- Set runtime path of "/home/nikhilsai/bumperbot_ws/install/bumperbot_cpp_examples/lib/bumperbot_cpp_examples/simple_lifecycle_node" to ""
[0.369s] -- Installing: /home/nikhilsai/bumperbot_ws/install/bumperbot_cpp_examples/lib/bumperbot_cpp_examples/simple_qos_publisher
[0.369s] -- Set runtime path of "/home/nikhilsai/bumperbot_ws/install/bumperbot_cpp_examples/lib/bumperbot_cpp_examples/simple_qos_publisher" to ""
[0.369s] -- Installing: /home/nikhilsai/bumperbot_ws/install/bumperbot_cpp_examples/lib/bumperbot_cpp_examples/simple_qos_subscriber
[0.371s] -- Set runtime path of "/home/nikhilsai/bumperbot_ws/install/bumperbot_cpp_examples/lib/bumperbot_cpp_examples/simple_qos_subscriber" to ""
[0.371s] -- Installing: /home/nikhilsai/bumperbot_ws/install/bumperbot_cpp_examples/lib/libsimple_action_server.so
[0.372s] -- Set runtime path of "/home/nikhilsai/bumperbot_ws/install/bumperbot_cpp_examples/lib/libsimple_action_server.so" to ""
[0.372s] -- Installing: /home/nikhilsai/bumperbot_ws/install/bumperbot_cpp_examples/lib/libsimple_action_client.so
[0.372s] -- Set runtime path of "/home/nikhilsai/bumperbot_ws/install/bumperbot_cpp_examples/lib/libsimple_action_client.so" to ""
[0.372s] -- Up-to-date: /home/nikhilsai/bumperbot_ws/install/bumperbot_cpp_examples/share/ament_index/resource_index/package_run_dependencies/bumperbot_cpp_examples
[0.373s] -- Up-to-date: /home/nikhilsai/bumperbot_ws/install/bumperbot_cpp_examples/share/ament_index/resource_index/parent_prefix_path/bumperbot_cpp_examples
[0.373s] -- Up-to-date: /home/nikhilsai/bumperbot_ws/install/bumperbot_cpp_examples/share/bumperbot_cpp_examples/environment/ament_prefix_path.sh
[0.373s] -- Up-to-date: /home/nikhilsai/bumperbot_ws/install/bumperbot_cpp_examples/share/bumperbot_cpp_examples/environment/ament_prefix_path.dsv
[0.373s] -- Up-to-date: /home/nikhilsai/bumperbot_ws/install/bumperbot_cpp_examples/share/bumperbot_cpp_examples/environment/path.sh
[0.373s] -- Up-to-date: /home/nikhilsai/bumperbot_ws/install/bumperbot_cpp_examples/share/bumperbot_cpp_examples/environment/path.dsv
[0.373s] -- Up-to-date: /home/nikhilsai/bumperbot_ws/install/bumperbot_cpp_examples/share/bumperbot_cpp_examples/local_setup.bash
[0.373s] -- Up-to-date: /home/nikhilsai/bumperbot_ws/install/bumperbot_cpp_examples/share/bumperbot_cpp_examples/local_setup.sh
[0.373s] -- Up-to-date: /home/nikhilsai/bumperbot_ws/install/bumperbot_cpp_examples/share/bumperbot_cpp_examples/local_setup.zsh
[0.373s] -- Up-to-date: /home/nikhilsai/bumperbot_ws/install/bumperbot_cpp_examples/share/bumperbot_cpp_examples/local_setup.dsv
[0.373s] -- Installing: /home/nikhilsai/bumperbot_ws/install/bumperbot_cpp_examples/share/bumperbot_cpp_examples/package.dsv
[0.373s] -- Up-to-date: /home/nikhilsai/bumperbot_ws/install/bumperbot_cpp_examples/share/ament_index/resource_index/packages/bumperbot_cpp_examples
[0.373s] -- Up-to-date: /home/nikhilsai/bumperbot_ws/install/bumperbot_cpp_examples/share/ament_index/resource_index/rclcpp_components/bumperbot_cpp_examples
[0.373s] -- Up-to-date: /home/nikhilsai/bumperbot_ws/install/bumperbot_cpp_examples/share/bumperbot_cpp_examples/cmake/bumperbot_cpp_examplesConfig.cmake
[0.373s] -- Up-to-date: /home/nikhilsai/bumperbot_ws/install/bumperbot_cpp_examples/share/bumperbot_cpp_examples/cmake/bumperbot_cpp_examplesConfig-version.cmake
[0.373s] -- Up-to-date: /home/nikhilsai/bumperbot_ws/install/bumperbot_cpp_examples/share/bumperbot_cpp_examples/package.xml
[0.375s] Invoked command in '/home/nikhilsai/bumperbot_ws/build/bumperbot_cpp_examples' returned '0': CMAKE_PREFIX_PATH=/home/nikhilsai/bumperbot_ws/install/bumperbot_msgs:/home/nikhilsai/bumperbot_ws/install/bumperbot_utils:/home/nikhilsai/bumperbot_ws/install/bumperbot_cpp_examples:/home/nikhilsai/bumperbot_ws/install/bumperbot_bringup:/home/nikhilsai/bumperbot_ws/install/bumperbot_mapping:/home/nikhilsai/bumperbot_ws/install/bumperbot_localization:/home/nikhilsai/bumperbot_ws/install/bumperbot_description:/home/nikhilsai/bumperbot_ws/install/bumperbot_controller:/home/nikhilsai/bumperbot_ws/install/bumperbot_py_examples:/opt/ros/humble LD_LIBRARY_PATH=/home/nikhilsai/bumperbot_ws/install/bumperbot_msgs/lib:/home/nikhilsai/bumperbot_ws/install/bumperbot_cpp_examples/lib:/usr/lib/x86_64-linux-gnu/gazebo-11/plugins:/opt/ros/humble/opt/rviz_ogre_vendor/lib:/opt/ros/humble/lib/x86_64-linux-gnu:/opt/ros/humble/lib /usr/bin/cmake --install /home/nikhilsai/bumperbot_ws/build/bumperbot_cpp_examples
