[0.013s] Invoking command in '/home/nikhilsai/bumperbot_ws/build/bumperbot_utils': CMAKE_PREFIX_PATH=${CMAKE_PREFIX_PATH}:/home/nikhilsai/bumperbot_ws/install/bumperbot_py_examples:/opt/ros/humble /usr/bin/cmake --build /home/nikhilsai/bumperbot_ws/build/bumperbot_utils -- -j28 -l28
[0.065s] [  0%] Built target ament_cmake_python_copy_bumperbot_utils
[0.092s] [100%] Built target safety_stop
[0.214s] running egg_info
[0.214s] writing bumperbot_utils.egg-info/PKG-INFO
[0.214s] writing dependency_links to bumperbot_utils.egg-info/dependency_links.txt
[0.214s] writing top-level names to bumperbot_utils.egg-info/top_level.txt
[0.216s] reading manifest file 'bumperbot_utils.egg-info/SOURCES.txt'
[0.216s] writing manifest file 'bumperbot_utils.egg-info/SOURCES.txt'
[0.231s] [100%] Built target ament_cmake_python_build_bumperbot_utils_egg
[0.257s] Invoked command in '/home/nikhilsai/bumperbot_ws/build/bumperbot_utils' returned '0': CMAKE_PREFIX_PATH=${CMAKE_PREFIX_PATH}:/home/nikhilsai/bumperbot_ws/install/bumperbot_py_examples:/opt/ros/humble /usr/bin/cmake --build /home/nikhilsai/bumperbot_ws/build/bumperbot_utils -- -j28 -l28
[0.257s] Invoking command in '/home/nikhilsai/bumperbot_ws/build/bumperbot_utils': CMAKE_PREFIX_PATH=${CMAKE_PREFIX_PATH}:/home/nikhilsai/bumperbot_ws/install/bumperbot_py_examples:/opt/ros/humble /usr/bin/cmake --install /home/nikhilsai/bumperbot_ws/build/bumperbot_utils
[0.274s] -- Install configuration: ""
[0.274s] -- Up-to-date: /home/nikhilsai/bumperbot_ws/install/bumperbot_utils/share/bumperbot_utils/environment/pythonpath.sh
[0.274s] -- Up-to-date: /home/nikhilsai/bumperbot_ws/install/bumperbot_utils/share/bumperbot_utils/environment/pythonpath.dsv
[0.274s] -- Up-to-date: /home/nikhilsai/bumperbot_ws/install/bumperbot_utils/local/lib/python3.10/dist-packages/bumperbot_utils-0.0.0-py3.10.egg-info
[0.275s] -- Installing: /home/nikhilsai/bumperbot_ws/install/bumperbot_utils/local/lib/python3.10/dist-packages/bumperbot_utils-0.0.0-py3.10.egg-info/PKG-INFO
[0.275s] -- Installing: /home/nikhilsai/bumperbot_ws/install/bumperbot_utils/local/lib/python3.10/dist-packages/bumperbot_utils-0.0.0-py3.10.egg-info/dependency_links.txt
[0.275s] -- Installing: /home/nikhilsai/bumperbot_ws/install/bumperbot_utils/local/lib/python3.10/dist-packages/bumperbot_utils-0.0.0-py3.10.egg-info/top_level.txt
[0.275s] -- Installing: /home/nikhilsai/bumperbot_ws/install/bumperbot_utils/local/lib/python3.10/dist-packages/bumperbot_utils-0.0.0-py3.10.egg-info/SOURCES.txt
[0.275s] -- Up-to-date: /home/nikhilsai/bumperbot_ws/install/bumperbot_utils/local/lib/python3.10/dist-packages/bumperbot_utils
[0.275s] -- Up-to-date: /home/nikhilsai/bumperbot_ws/install/bumperbot_utils/local/lib/python3.10/dist-packages/bumperbot_utils/safety_stop.py
[0.275s] -- Up-to-date: /home/nikhilsai/bumperbot_ws/install/bumperbot_utils/local/lib/python3.10/dist-packages/bumperbot_utils/__init__.py
[0.281s] Listing '/home/nikhilsai/bumperbot_ws/install/bumperbot_utils/local/lib/python3.10/dist-packages/bumperbot_utils'...
[0.284s] -- Up-to-date: /home/nikhilsai/bumperbot_ws/install/bumperbot_utils/lib/bumperbot_utils/safety_stop
[0.284s] -- Up-to-date: /home/nikhilsai/bumperbot_ws/install/bumperbot_utils/lib/bumperbot_utils/safety_stop.py
[0.284s] -- Up-to-date: /home/nikhilsai/bumperbot_ws/install/bumperbot_utils/share/ament_index/resource_index/package_run_dependencies/bumperbot_utils
[0.284s] -- Up-to-date: /home/nikhilsai/bumperbot_ws/install/bumperbot_utils/share/ament_index/resource_index/parent_prefix_path/bumperbot_utils
[0.284s] -- Up-to-date: /home/nikhilsai/bumperbot_ws/install/bumperbot_utils/share/bumperbot_utils/environment/ament_prefix_path.sh
[0.284s] -- Up-to-date: /home/nikhilsai/bumperbot_ws/install/bumperbot_utils/share/bumperbot_utils/environment/ament_prefix_path.dsv
[0.284s] -- Up-to-date: /home/nikhilsai/bumperbot_ws/install/bumperbot_utils/share/bumperbot_utils/environment/path.sh
[0.284s] -- Up-to-date: /home/nikhilsai/bumperbot_ws/install/bumperbot_utils/share/bumperbot_utils/environment/path.dsv
[0.284s] -- Up-to-date: /home/nikhilsai/bumperbot_ws/install/bumperbot_utils/share/bumperbot_utils/local_setup.bash
[0.284s] -- Up-to-date: /home/nikhilsai/bumperbot_ws/install/bumperbot_utils/share/bumperbot_utils/local_setup.sh
[0.284s] -- Up-to-date: /home/nikhilsai/bumperbot_ws/install/bumperbot_utils/share/bumperbot_utils/local_setup.zsh
[0.284s] -- Up-to-date: /home/nikhilsai/bumperbot_ws/install/bumperbot_utils/share/bumperbot_utils/local_setup.dsv
[0.284s] -- Installing: /home/nikhilsai/bumperbot_ws/install/bumperbot_utils/share/bumperbot_utils/package.dsv
[0.284s] -- Up-to-date: /home/nikhilsai/bumperbot_ws/install/bumperbot_utils/share/ament_index/resource_index/packages/bumperbot_utils
[0.284s] -- Up-to-date: /home/nikhilsai/bumperbot_ws/install/bumperbot_utils/share/bumperbot_utils/cmake/bumperbot_utilsConfig.cmake
[0.284s] -- Up-to-date: /home/nikhilsai/bumperbot_ws/install/bumperbot_utils/share/bumperbot_utils/cmake/bumperbot_utilsConfig-version.cmake
[0.284s] -- Up-to-date: /home/nikhilsai/bumperbot_ws/install/bumperbot_utils/share/bumperbot_utils/package.xml
[0.415s] Invoked command in '/home/nikhilsai/bumperbot_ws/build/bumperbot_utils' returned '0': CMAKE_PREFIX_PATH=${CMAKE_PREFIX_PATH}:/home/nikhilsai/bumperbot_ws/install/bumperbot_py_examples:/opt/ros/humble /usr/bin/cmake --install /home/nikhilsai/bumperbot_ws/build/bumperbot_utils
