[0.015s] Invoking command in '/home/nikhilsai/bumperbot_ws/build/bumperbot_controller': CMAKE_PREFIX_PATH=${CMAKE_PREFIX_PATH}:/home/nikhilsai/bumperbot_ws/install/bumperbot_py_examples:/opt/ros/humble /usr/bin/cmake --build /home/nikhilsai/bumperbot_ws/build/bumperbot_controller -- -j28 -l28
[0.041s] [35m[1mConsolidate compiler generated dependencies of target twist_relay[0m
[0.042s] [35m[1mConsolidate compiler generated dependencies of target noisy_controller[0m
[0.044s] [35m[1mConsolidate compiler generated dependencies of target simple_controller[0m
[0.052s] [  0%] Built target ament_cmake_python_copy_bumperbot_controller
[0.054s] [ 33%] Built target twist_relay
[0.070s] [ 66%] Built target noisy_controller
[0.071s] [100%] Built target simple_controller
[0.186s] running egg_info
[0.186s] writing bumperbot_controller.egg-info/PKG-INFO
[0.186s] writing dependency_links to bumperbot_controller.egg-info/dependency_links.txt
[0.186s] writing top-level names to bumperbot_controller.egg-info/top_level.txt
[0.187s] reading manifest file 'bumperbot_controller.egg-info/SOURCES.txt'
[0.188s] writing manifest file 'bumperbot_controller.egg-info/SOURCES.txt'
[0.205s] [100%] Built target ament_cmake_python_build_bumperbot_controller_egg
[0.215s] Invoked command in '/home/nikhilsai/bumperbot_ws/build/bumperbot_controller' returned '0': CMAKE_PREFIX_PATH=${CMAKE_PREFIX_PATH}:/home/nikhilsai/bumperbot_ws/install/bumperbot_py_examples:/opt/ros/humble /usr/bin/cmake --build /home/nikhilsai/bumperbot_ws/build/bumperbot_controller -- -j28 -l28
[0.216s] Invoking command in '/home/nikhilsai/bumperbot_ws/build/bumperbot_controller': CMAKE_PREFIX_PATH=${CMAKE_PREFIX_PATH}:/home/nikhilsai/bumperbot_ws/install/bumperbot_py_examples:/opt/ros/humble /usr/bin/cmake --install /home/nikhilsai/bumperbot_ws/build/bumperbot_controller
[0.221s] -- Install configuration: ""
[0.221s] -- Up-to-date: /home/nikhilsai/bumperbot_ws/install/bumperbot_controller/share/bumperbot_controller/environment/pythonpath.sh
[0.221s] -- Up-to-date: /home/nikhilsai/bumperbot_ws/install/bumperbot_controller/share/bumperbot_controller/environment/pythonpath.dsv
[0.221s] -- Up-to-date: /home/nikhilsai/bumperbot_ws/install/bumperbot_controller/local/lib/python3.10/dist-packages/bumperbot_controller-0.0.0-py3.10.egg-info
[0.221s] -- Installing: /home/nikhilsai/bumperbot_ws/install/bumperbot_controller/local/lib/python3.10/dist-packages/bumperbot_controller-0.0.0-py3.10.egg-info/PKG-INFO
[0.221s] -- Installing: /home/nikhilsai/bumperbot_ws/install/bumperbot_controller/local/lib/python3.10/dist-packages/bumperbot_controller-0.0.0-py3.10.egg-info/dependency_links.txt
[0.221s] -- Installing: /home/nikhilsai/bumperbot_ws/install/bumperbot_controller/local/lib/python3.10/dist-packages/bumperbot_controller-0.0.0-py3.10.egg-info/top_level.txt
[0.221s] -- Installing: /home/nikhilsai/bumperbot_ws/install/bumperbot_controller/local/lib/python3.10/dist-packages/bumperbot_controller-0.0.0-py3.10.egg-info/SOURCES.txt
[0.221s] -- Up-to-date: /home/nikhilsai/bumperbot_ws/install/bumperbot_controller/local/lib/python3.10/dist-packages/bumperbot_controller
[0.221s] -- Up-to-date: /home/nikhilsai/bumperbot_ws/install/bumperbot_controller/local/lib/python3.10/dist-packages/bumperbot_controller/noisy_controller.py
[0.221s] -- Up-to-date: /home/nikhilsai/bumperbot_ws/install/bumperbot_controller/local/lib/python3.10/dist-packages/bumperbot_controller/simple_controller.py
[0.221s] -- Up-to-date: /home/nikhilsai/bumperbot_ws/install/bumperbot_controller/local/lib/python3.10/dist-packages/bumperbot_controller/twist_relay.py
[0.221s] -- Up-to-date: /home/nikhilsai/bumperbot_ws/install/bumperbot_controller/local/lib/python3.10/dist-packages/bumperbot_controller/__init__.py
[0.244s] Listing '/home/nikhilsai/bumperbot_ws/install/bumperbot_controller/local/lib/python3.10/dist-packages/bumperbot_controller'...
[0.247s] -- Up-to-date: /home/nikhilsai/bumperbot_ws/install/bumperbot_controller/include/include
[0.247s] -- Up-to-date: /home/nikhilsai/bumperbot_ws/install/bumperbot_controller/include/include/bumperbot_controller
[0.247s] -- Up-to-date: /home/nikhilsai/bumperbot_ws/install/bumperbot_controller/include/include/bumperbot_controller/simple_controller.hpp
[0.248s] -- Up-to-date: /home/nikhilsai/bumperbot_ws/install/bumperbot_controller/include/include/bumperbot_controller/noisy_controller.hpp
[0.248s] -- Up-to-date: /home/nikhilsai/bumperbot_ws/install/bumperbot_controller/lib/bumperbot_controller/simple_controller
[0.248s] -- Up-to-date: /home/nikhilsai/bumperbot_ws/install/bumperbot_controller/lib/bumperbot_controller/noisy_controller
[0.248s] -- Up-to-date: /home/nikhilsai/bumperbot_ws/install/bumperbot_controller/lib/bumperbot_controller/twist_relay
[0.248s] -- Up-to-date: /home/nikhilsai/bumperbot_ws/install/bumperbot_controller/share/bumperbot_controller/launch
[0.248s] -- Up-to-date: /home/nikhilsai/bumperbot_ws/install/bumperbot_controller/share/bumperbot_controller/launch/joystick_teleop.launch.py
[0.248s] -- Up-to-date: /home/nikhilsai/bumperbot_ws/install/bumperbot_controller/share/bumperbot_controller/launch/controller.launch.py
[0.248s] -- Up-to-date: /home/nikhilsai/bumperbot_ws/install/bumperbot_controller/share/bumperbot_controller/config
[0.248s] -- Up-to-date: /home/nikhilsai/bumperbot_ws/install/bumperbot_controller/share/bumperbot_controller/config/twist_mux_joy.yaml
[0.248s] -- Up-to-date: /home/nikhilsai/bumperbot_ws/install/bumperbot_controller/share/bumperbot_controller/config/twist_mux_topics.yaml
[0.248s] -- Up-to-date: /home/nikhilsai/bumperbot_ws/install/bumperbot_controller/share/bumperbot_controller/config/twist_mux_locks.yaml
[0.248s] -- Up-to-date: /home/nikhilsai/bumperbot_ws/install/bumperbot_controller/share/bumperbot_controller/config/bumperbot_controllers.yaml
[0.248s] -- Up-to-date: /home/nikhilsai/bumperbot_ws/install/bumperbot_controller/share/bumperbot_controller/config/joy_teleop.yaml
[0.248s] -- Up-to-date: /home/nikhilsai/bumperbot_ws/install/bumperbot_controller/share/bumperbot_controller/config/joy_config.yaml
[0.248s] -- Up-to-date: /home/nikhilsai/bumperbot_ws/install/bumperbot_controller/lib/bumperbot_controller/simple_controller.py
[0.248s] -- Up-to-date: /home/nikhilsai/bumperbot_ws/install/bumperbot_controller/lib/bumperbot_controller/noisy_controller.py
[0.249s] -- Up-to-date: /home/nikhilsai/bumperbot_ws/install/bumperbot_controller/lib/bumperbot_controller/twist_relay.py
[0.249s] -- Up-to-date: /home/nikhilsai/bumperbot_ws/install/bumperbot_controller/share/ament_index/resource_index/package_run_dependencies/bumperbot_controller
[0.249s] -- Up-to-date: /home/nikhilsai/bumperbot_ws/install/bumperbot_controller/share/ament_index/resource_index/parent_prefix_path/bumperbot_controller
[0.249s] -- Up-to-date: /home/nikhilsai/bumperbot_ws/install/bumperbot_controller/share/bumperbot_controller/environment/ament_prefix_path.sh
[0.249s] -- Up-to-date: /home/nikhilsai/bumperbot_ws/install/bumperbot_controller/share/bumperbot_controller/environment/ament_prefix_path.dsv
[0.249s] -- Up-to-date: /home/nikhilsai/bumperbot_ws/install/bumperbot_controller/share/bumperbot_controller/environment/path.sh
[0.249s] -- Up-to-date: /home/nikhilsai/bumperbot_ws/install/bumperbot_controller/share/bumperbot_controller/environment/path.dsv
[0.249s] -- Up-to-date: /home/nikhilsai/bumperbot_ws/install/bumperbot_controller/share/bumperbot_controller/local_setup.bash
[0.249s] -- Up-to-date: /home/nikhilsai/bumperbot_ws/install/bumperbot_controller/share/bumperbot_controller/local_setup.sh
[0.249s] -- Up-to-date: /home/nikhilsai/bumperbot_ws/install/bumperbot_controller/share/bumperbot_controller/local_setup.zsh
[0.249s] -- Up-to-date: /home/nikhilsai/bumperbot_ws/install/bumperbot_controller/share/bumperbot_controller/local_setup.dsv
[0.249s] -- Installing: /home/nikhilsai/bumperbot_ws/install/bumperbot_controller/share/bumperbot_controller/package.dsv
[0.250s] -- Up-to-date: /home/nikhilsai/bumperbot_ws/install/bumperbot_controller/share/ament_index/resource_index/packages/bumperbot_controller
[0.250s] -- Up-to-date: /home/nikhilsai/bumperbot_ws/install/bumperbot_controller/share/bumperbot_controller/cmake/bumperbot_controllerConfig.cmake
[0.250s] -- Up-to-date: /home/nikhilsai/bumperbot_ws/install/bumperbot_controller/share/bumperbot_controller/cmake/bumperbot_controllerConfig-version.cmake
[0.250s] -- Up-to-date: /home/nikhilsai/bumperbot_ws/install/bumperbot_controller/share/bumperbot_controller/package.xml
[0.251s] Invoked command in '/home/nikhilsai/bumperbot_ws/build/bumperbot_controller' returned '0': CMAKE_PREFIX_PATH=${CMAKE_PREFIX_PATH}:/home/nikhilsai/bumperbot_ws/install/bumperbot_py_examples:/opt/ros/humble /usr/bin/cmake --install /home/nikhilsai/bumperbot_ws/build/bumperbot_controller
