[0.012s] Invoking command in '/home/nikhilsai/bumperbot_ws/build/bumperbot_mapping': CMAKE_PREFIX_PATH=${CMAKE_PREFIX_PATH}:/home/nikhilsai/bumperbot_ws/install/bumperbot_py_examples:/opt/ros/humble /usr/bin/cmake --build /home/nikhilsai/bumperbot_ws/build/bumperbot_mapping -- -j28 -l28
[0.079s] [100%] Built target mapping_with_known_poses
[0.080s] [100%] Built target ament_cmake_python_copy_bumperbot_mapping
[0.194s] running egg_info
[0.194s] writing bumperbot_mapping.egg-info/PKG-INFO
[0.194s] writing dependency_links to bumperbot_mapping.egg-info/dependency_links.txt
[0.195s] writing top-level names to bumperbot_mapping.egg-info/top_level.txt
[0.196s] reading manifest file 'bumperbot_mapping.egg-info/SOURCES.txt'
[0.196s] writing manifest file 'bumperbot_mapping.egg-info/SOURCES.txt'
[0.211s] [100%] Built target ament_cmake_python_build_bumperbot_mapping_egg
[0.221s] Invoked command in '/home/nikhilsai/bumperbot_ws/build/bumperbot_mapping' returned '0': CMAKE_PREFIX_PATH=${CMAKE_PREFIX_PATH}:/home/nikhilsai/bumperbot_ws/install/bumperbot_py_examples:/opt/ros/humble /usr/bin/cmake --build /home/nikhilsai/bumperbot_ws/build/bumperbot_mapping -- -j28 -l28
[0.222s] Invoking command in '/home/nikhilsai/bumperbot_ws/build/bumperbot_mapping': CMAKE_PREFIX_PATH=${CMAKE_PREFIX_PATH}:/home/nikhilsai/bumperbot_ws/install/bumperbot_py_examples:/opt/ros/humble /usr/bin/cmake --install /home/nikhilsai/bumperbot_ws/build/bumperbot_mapping
[0.228s] -- Install configuration: ""
[0.228s] -- Up-to-date: /home/nikhilsai/bumperbot_ws/install/bumperbot_mapping/share/bumperbot_mapping/environment/pythonpath.sh
[0.228s] -- Up-to-date: /home/nikhilsai/bumperbot_ws/install/bumperbot_mapping/share/bumperbot_mapping/environment/pythonpath.dsv
[0.228s] -- Up-to-date: /home/nikhilsai/bumperbot_ws/install/bumperbot_mapping/local/lib/python3.10/dist-packages/bumperbot_mapping-0.0.0-py3.10.egg-info
[0.228s] -- Installing: /home/nikhilsai/bumperbot_ws/install/bumperbot_mapping/local/lib/python3.10/dist-packages/bumperbot_mapping-0.0.0-py3.10.egg-info/PKG-INFO
[0.228s] -- Installing: /home/nikhilsai/bumperbot_ws/install/bumperbot_mapping/local/lib/python3.10/dist-packages/bumperbot_mapping-0.0.0-py3.10.egg-info/dependency_links.txt
[0.228s] -- Installing: /home/nikhilsai/bumperbot_ws/install/bumperbot_mapping/local/lib/python3.10/dist-packages/bumperbot_mapping-0.0.0-py3.10.egg-info/top_level.txt
[0.228s] -- Installing: /home/nikhilsai/bumperbot_ws/install/bumperbot_mapping/local/lib/python3.10/dist-packages/bumperbot_mapping-0.0.0-py3.10.egg-info/SOURCES.txt
[0.228s] -- Up-to-date: /home/nikhilsai/bumperbot_ws/install/bumperbot_mapping/local/lib/python3.10/dist-packages/bumperbot_mapping
[0.228s] -- Installing: /home/nikhilsai/bumperbot_ws/install/bumperbot_mapping/local/lib/python3.10/dist-packages/bumperbot_mapping/mapping_nik.py
[0.228s] -- Up-to-date: /home/nikhilsai/bumperbot_ws/install/bumperbot_mapping/local/lib/python3.10/dist-packages/bumperbot_mapping/mapping_with_known_poses.py
[0.228s] -- Up-to-date: /home/nikhilsai/bumperbot_ws/install/bumperbot_mapping/local/lib/python3.10/dist-packages/bumperbot_mapping/__init__.py
[0.246s] Listing '/home/nikhilsai/bumperbot_ws/install/bumperbot_mapping/local/lib/python3.10/dist-packages/bumperbot_mapping'...
[0.246s] Compiling '/home/nikhilsai/bumperbot_ws/install/bumperbot_mapping/local/lib/python3.10/dist-packages/bumperbot_mapping/mapping_nik.py'...
[0.249s] -- Up-to-date: /home/nikhilsai/bumperbot_ws/install/bumperbot_mapping/include/include
[0.249s] -- Up-to-date: /home/nikhilsai/bumperbot_ws/install/bumperbot_mapping/include/include/bumperbot_mapping
[0.249s] -- Up-to-date: /home/nikhilsai/bumperbot_ws/install/bumperbot_mapping/include/include/bumperbot_mapping/mapping_with_known_poses.hpp
[0.249s] -- Up-to-date: /home/nikhilsai/bumperbot_ws/install/bumperbot_mapping/lib/bumperbot_mapping/mapping_with_known_poses
[0.249s] -- Up-to-date: /home/nikhilsai/bumperbot_ws/install/bumperbot_mapping/share/bumperbot_mapping/config
[0.249s] -- Up-to-date: /home/nikhilsai/bumperbot_ws/install/bumperbot_mapping/share/bumperbot_mapping/config/slam_toolbox.yaml
[0.249s] -- Up-to-date: /home/nikhilsai/bumperbot_ws/install/bumperbot_mapping/share/bumperbot_mapping/launch
[0.249s] -- Up-to-date: /home/nikhilsai/bumperbot_ws/install/bumperbot_mapping/share/bumperbot_mapping/launch/slam.launch.py
[0.249s] -- Up-to-date: /home/nikhilsai/bumperbot_ws/install/bumperbot_mapping/share/bumperbot_mapping/maps
[0.249s] -- Up-to-date: /home/nikhilsai/bumperbot_ws/install/bumperbot_mapping/share/bumperbot_mapping/maps/small_warehouse
[0.249s] -- Up-to-date: /home/nikhilsai/bumperbot_ws/install/bumperbot_mapping/share/bumperbot_mapping/maps/small_warehouse/map.yaml
[0.249s] -- Up-to-date: /home/nikhilsai/bumperbot_ws/install/bumperbot_mapping/share/bumperbot_mapping/maps/small_warehouse/map.pgm
[0.249s] -- Up-to-date: /home/nikhilsai/bumperbot_ws/install/bumperbot_mapping/share/bumperbot_mapping/maps/small_house
[0.249s] -- Up-to-date: /home/nikhilsai/bumperbot_ws/install/bumperbot_mapping/share/bumperbot_mapping/maps/small_house/map.yaml
[0.249s] -- Up-to-date: /home/nikhilsai/bumperbot_ws/install/bumperbot_mapping/share/bumperbot_mapping/maps/small_house/map.pgm
[0.249s] -- Up-to-date: /home/nikhilsai/bumperbot_ws/install/bumperbot_mapping/share/bumperbot_mapping/rviz
[0.249s] -- Up-to-date: /home/nikhilsai/bumperbot_ws/install/bumperbot_mapping/share/bumperbot_mapping/rviz/slam.rviz
[0.250s] -- Up-to-date: /home/nikhilsai/bumperbot_ws/install/bumperbot_mapping/lib/bumperbot_mapping/mapping_with_known_poses.py
[0.250s] -- Installing: /home/nikhilsai/bumperbot_ws/install/bumperbot_mapping/lib/bumperbot_mapping/mapping_nik.py
[0.250s] -- Up-to-date: /home/nikhilsai/bumperbot_ws/install/bumperbot_mapping/share/ament_index/resource_index/package_run_dependencies/bumperbot_mapping
[0.250s] -- Up-to-date: /home/nikhilsai/bumperbot_ws/install/bumperbot_mapping/share/ament_index/resource_index/parent_prefix_path/bumperbot_mapping
[0.250s] -- Up-to-date: /home/nikhilsai/bumperbot_ws/install/bumperbot_mapping/share/bumperbot_mapping/environment/ament_prefix_path.sh
[0.250s] -- Up-to-date: /home/nikhilsai/bumperbot_ws/install/bumperbot_mapping/share/bumperbot_mapping/environment/ament_prefix_path.dsv
[0.250s] -- Up-to-date: /home/nikhilsai/bumperbot_ws/install/bumperbot_mapping/share/bumperbot_mapping/environment/path.sh
[0.250s] -- Up-to-date: /home/nikhilsai/bumperbot_ws/install/bumperbot_mapping/share/bumperbot_mapping/environment/path.dsv
[0.250s] -- Up-to-date: /home/nikhilsai/bumperbot_ws/install/bumperbot_mapping/share/bumperbot_mapping/local_setup.bash
[0.250s] -- Up-to-date: /home/nikhilsai/bumperbot_ws/install/bumperbot_mapping/share/bumperbot_mapping/local_setup.sh
[0.250s] -- Up-to-date: /home/nikhilsai/bumperbot_ws/install/bumperbot_mapping/share/bumperbot_mapping/local_setup.zsh
[0.250s] -- Up-to-date: /home/nikhilsai/bumperbot_ws/install/bumperbot_mapping/share/bumperbot_mapping/local_setup.dsv
[0.250s] -- Installing: /home/nikhilsai/bumperbot_ws/install/bumperbot_mapping/share/bumperbot_mapping/package.dsv
[0.250s] -- Up-to-date: /home/nikhilsai/bumperbot_ws/install/bumperbot_mapping/share/ament_index/resource_index/packages/bumperbot_mapping
[0.250s] -- Up-to-date: /home/nikhilsai/bumperbot_ws/install/bumperbot_mapping/share/bumperbot_mapping/cmake/bumperbot_mappingConfig.cmake
[0.250s] -- Up-to-date: /home/nikhilsai/bumperbot_ws/install/bumperbot_mapping/share/bumperbot_mapping/cmake/bumperbot_mappingConfig-version.cmake
[0.250s] -- Up-to-date: /home/nikhilsai/bumperbot_ws/install/bumperbot_mapping/share/bumperbot_mapping/package.xml
[0.261s] Invoked command in '/home/nikhilsai/bumperbot_ws/build/bumperbot_mapping' returned '0': CMAKE_PREFIX_PATH=${CMAKE_PREFIX_PATH}:/home/nikhilsai/bumperbot_ws/install/bumperbot_py_examples:/opt/ros/humble /usr/bin/cmake --install /home/nikhilsai/bumperbot_ws/build/bumperbot_mapping
