[0.015s] Invoking command in '/home/nikhilsai/bumperbot_ws/build/bumperbot_cpp_examples': CMAKE_PREFIX_PATH=/home/nikhilsai/bumperbot_ws/install/bumperbot_msgs:/home/nikhilsai/bumperbot_ws/install/bumperbot_utils:/home/nikhilsai/bumperbot_ws/install/bumperbot_cpp_examples:/home/nikhilsai/bumperbot_ws/install/bumperbot_bringup:/home/nikhilsai/bumperbot_ws/install/bumperbot_mapping:/home/nikhilsai/bumperbot_ws/install/bumperbot_localization:/home/nikhilsai/bumperbot_ws/install/bumperbot_description:/home/nikhilsai/bumperbot_ws/install/bumperbot_controller:/home/nikhilsai/bumperbot_ws/install/bumperbot_py_examples:/opt/ros/humble LD_LIBRARY_PATH=/home/nikhilsai/bumperbot_ws/install/bumperbot_msgs/lib:/home/nikhilsai/bumperbot_ws/install/bumperbot_cpp_examples/lib:/usr/lib/x86_64-linux-gnu/gazebo-11/plugins:/opt/ros/humble/opt/rviz_ogre_vendor/lib:/opt/ros/humble/lib/x86_64-linux-gnu:/opt/ros/humble/lib /usr/bin/cmake --build /home/nikhilsai/bumperbot_ws/build/bumperbot_cpp_examples -- -j28 -l28
[0.143s] [  7%] Built target simple_service_server
[0.143s] [ 14%] Built target simple_parameter
[0.143s] [ 21%] Built target simple_subscriber
[0.143s] [ 28%] Built target simple_action_server
[0.143s] [ 35%] Built target simple_action_client
[0.143s] [ 42%] Built target simple_qos_publisher
[0.143s] [ 50%] Built target simple_action_server_node
[0.143s] [ 57%] Built target simple_publisher
[0.143s] [ 64%] Built target simple_service_client
[0.143s] [ 71%] Built target simple_tf_kinematics
[0.143s] [ 78%] Built target simple_turtlesim_kinematics
[0.143s] [ 89%] Built target simple_lifecycle_node
[0.143s] [ 92%] Built target simple_qos_subscriber
[0.143s] [100%] Built target simple_action_client_node
[0.143s] Invoked command in '/home/nikhilsai/bumperbot_ws/build/bumperbot_cpp_examples' returned '0': CMAKE_PREFIX_PATH=/home/nikhilsai/bumperbot_ws/install/bumperbot_msgs:/home/nikhilsai/bumperbot_ws/install/bumperbot_utils:/home/nikhilsai/bumperbot_ws/install/bumperbot_cpp_examples:/home/nikhilsai/bumperbot_ws/install/bumperbot_bringup:/home/nikhilsai/bumperbot_ws/install/bumperbot_mapping:/home/nikhilsai/bumperbot_ws/install/bumperbot_localization:/home/nikhilsai/bumperbot_ws/install/bumperbot_description:/home/nikhilsai/bumperbot_ws/install/bumperbot_controller:/home/nikhilsai/bumperbot_ws/install/bumperbot_py_examples:/opt/ros/humble LD_LIBRARY_PATH=/home/nikhilsai/bumperbot_ws/install/bumperbot_msgs/lib:/home/nikhilsai/bumperbot_ws/install/bumperbot_cpp_examples/lib:/usr/lib/x86_64-linux-gnu/gazebo-11/plugins:/opt/ros/humble/opt/rviz_ogre_vendor/lib:/opt/ros/humble/lib/x86_64-linux-gnu:/opt/ros/humble/lib /usr/bin/cmake --build /home/nikhilsai/bumperbot_ws/build/bumperbot_cpp_examples -- -j28 -l28
[0.144s] Invoking command in '/home/nikhilsai/bumperbot_ws/build/bumperbot_cpp_examples': CMAKE_PREFIX_PATH=/home/nikhilsai/bumperbot_ws/install/bumperbot_msgs:/home/nikhilsai/bumperbot_ws/install/bumperbot_utils:/home/nikhilsai/bumperbot_ws/install/bumperbot_cpp_examples:/home/nikhilsai/bumperbot_ws/install/bumperbot_bringup:/home/nikhilsai/bumperbot_ws/install/bumperbot_mapping:/home/nikhilsai/bumperbot_ws/install/bumperbot_localization:/home/nikhilsai/bumperbot_ws/install/bumperbot_description:/home/nikhilsai/bumperbot_ws/install/bumperbot_controller:/home/nikhilsai/bumperbot_ws/install/bumperbot_py_examples:/opt/ros/humble LD_LIBRARY_PATH=/home/nikhilsai/bumperbot_ws/install/bumperbot_msgs/lib:/home/nikhilsai/bumperbot_ws/install/bumperbot_cpp_examples/lib:/usr/lib/x86_64-linux-gnu/gazebo-11/plugins:/opt/ros/humble/opt/rviz_ogre_vendor/lib:/opt/ros/humble/lib/x86_64-linux-gnu:/opt/ros/humble/lib /usr/bin/cmake --install /home/nikhilsai/bumperbot_ws/build/bumperbot_cpp_examples
[0.149s] -- Install configuration: ""
[0.149s] -- Up-to-date: /home/nikhilsai/bumperbot_ws/install/bumperbot_cpp_examples/lib/bumperbot_cpp_examples/simple_action_server_node
[0.149s] -- Up-to-date: /home/nikhilsai/bumperbot_ws/install/bumperbot_cpp_examples/lib/bumperbot_cpp_examples/simple_action_client_node
[0.149s] -- Up-to-date: /home/nikhilsai/bumperbot_ws/install/bumperbot_cpp_examples/include/include
[0.149s] -- Up-to-date: /home/nikhilsai/bumperbot_ws/install/bumperbot_cpp_examples/include/include/bumperbot_cpp_examples
[0.149s] -- Up-to-date: /home/nikhilsai/bumperbot_ws/install/bumperbot_cpp_examples/include/include/bumperbot_cpp_examples/simple_turtlesim_kinematics.hpp
[0.149s] -- Up-to-date: /home/nikhilsai/bumperbot_ws/install/bumperbot_cpp_examples/include/include/bumperbot_cpp_examples/simple_tf_kinematics.hpp
[0.149s] -- Up-to-date: /home/nikhilsai/bumperbot_ws/install/bumperbot_cpp_examples/lib/bumperbot_cpp_examples/simple_publisher
[0.149s] -- Up-to-date: /home/nikhilsai/bumperbot_ws/install/bumperbot_cpp_examples/lib/bumperbot_cpp_examples/simple_subscriber
[0.149s] -- Up-to-date: /home/nikhilsai/bumperbot_ws/install/bumperbot_cpp_examples/lib/bumperbot_cpp_examples/simple_parameter
[0.149s] -- Up-to-date: /home/nikhilsai/bumperbot_ws/install/bumperbot_cpp_examples/lib/bumperbot_cpp_examples/simple_turtlesim_kinematics
[0.149s] -- Up-to-date: /home/nikhilsai/bumperbot_ws/install/bumperbot_cpp_examples/lib/bumperbot_cpp_examples/simple_service_server
[0.149s] -- Up-to-date: /home/nikhilsai/bumperbot_ws/install/bumperbot_cpp_examples/lib/bumperbot_cpp_examples/simple_service_client
[0.150s] -- Up-to-date: /home/nikhilsai/bumperbot_ws/install/bumperbot_cpp_examples/lib/bumperbot_cpp_examples/simple_tf_kinematics
[0.150s] -- Up-to-date: /home/nikhilsai/bumperbot_ws/install/bumperbot_cpp_examples/lib/bumperbot_cpp_examples/simple_lifecycle_node
[0.150s] -- Up-to-date: /home/nikhilsai/bumperbot_ws/install/bumperbot_cpp_examples/lib/bumperbot_cpp_examples/simple_qos_publisher
[0.150s] -- Up-to-date: /home/nikhilsai/bumperbot_ws/install/bumperbot_cpp_examples/lib/bumperbot_cpp_examples/simple_qos_subscriber
[0.150s] -- Up-to-date: /home/nikhilsai/bumperbot_ws/install/bumperbot_cpp_examples/lib/libsimple_action_server.so
[0.150s] -- Up-to-date: /home/nikhilsai/bumperbot_ws/install/bumperbot_cpp_examples/lib/libsimple_action_client.so
[0.150s] -- Up-to-date: /home/nikhilsai/bumperbot_ws/install/bumperbot_cpp_examples/share/ament_index/resource_index/package_run_dependencies/bumperbot_cpp_examples
[0.150s] -- Up-to-date: /home/nikhilsai/bumperbot_ws/install/bumperbot_cpp_examples/share/ament_index/resource_index/parent_prefix_path/bumperbot_cpp_examples
[0.150s] -- Up-to-date: /home/nikhilsai/bumperbot_ws/install/bumperbot_cpp_examples/share/bumperbot_cpp_examples/environment/ament_prefix_path.sh
[0.150s] -- Up-to-date: /home/nikhilsai/bumperbot_ws/install/bumperbot_cpp_examples/share/bumperbot_cpp_examples/environment/ament_prefix_path.dsv
[0.150s] -- Up-to-date: /home/nikhilsai/bumperbot_ws/install/bumperbot_cpp_examples/share/bumperbot_cpp_examples/environment/path.sh
[0.150s] -- Up-to-date: /home/nikhilsai/bumperbot_ws/install/bumperbot_cpp_examples/share/bumperbot_cpp_examples/environment/path.dsv
[0.150s] -- Up-to-date: /home/nikhilsai/bumperbot_ws/install/bumperbot_cpp_examples/share/bumperbot_cpp_examples/local_setup.bash
[0.150s] -- Up-to-date: /home/nikhilsai/bumperbot_ws/install/bumperbot_cpp_examples/share/bumperbot_cpp_examples/local_setup.sh
[0.150s] -- Up-to-date: /home/nikhilsai/bumperbot_ws/install/bumperbot_cpp_examples/share/bumperbot_cpp_examples/local_setup.zsh
[0.150s] -- Up-to-date: /home/nikhilsai/bumperbot_ws/install/bumperbot_cpp_examples/share/bumperbot_cpp_examples/local_setup.dsv
[0.150s] -- Installing: /home/nikhilsai/bumperbot_ws/install/bumperbot_cpp_examples/share/bumperbot_cpp_examples/package.dsv
[0.150s] -- Up-to-date: /home/nikhilsai/bumperbot_ws/install/bumperbot_cpp_examples/share/ament_index/resource_index/packages/bumperbot_cpp_examples
[0.150s] -- Up-to-date: /home/nikhilsai/bumperbot_ws/install/bumperbot_cpp_examples/share/ament_index/resource_index/rclcpp_components/bumperbot_cpp_examples
[0.150s] -- Up-to-date: /home/nikhilsai/bumperbot_ws/install/bumperbot_cpp_examples/share/bumperbot_cpp_examples/cmake/bumperbot_cpp_examplesConfig.cmake
[0.151s] -- Up-to-date: /home/nikhilsai/bumperbot_ws/install/bumperbot_cpp_examples/share/bumperbot_cpp_examples/cmake/bumperbot_cpp_examplesConfig-version.cmake
[0.151s] -- Up-to-date: /home/nikhilsai/bumperbot_ws/install/bumperbot_cpp_examples/share/bumperbot_cpp_examples/package.xml
[0.151s] Invoked command in '/home/nikhilsai/bumperbot_ws/build/bumperbot_cpp_examples' returned '0': CMAKE_PREFIX_PATH=/home/nikhilsai/bumperbot_ws/install/bumperbot_msgs:/home/nikhilsai/bumperbot_ws/install/bumperbot_utils:/home/nikhilsai/bumperbot_ws/install/bumperbot_cpp_examples:/home/nikhilsai/bumperbot_ws/install/bumperbot_bringup:/home/nikhilsai/bumperbot_ws/install/bumperbot_mapping:/home/nikhilsai/bumperbot_ws/install/bumperbot_localization:/home/nikhilsai/bumperbot_ws/install/bumperbot_description:/home/nikhilsai/bumperbot_ws/install/bumperbot_controller:/home/nikhilsai/bumperbot_ws/install/bumperbot_py_examples:/opt/ros/humble LD_LIBRARY_PATH=/home/nikhilsai/bumperbot_ws/install/bumperbot_msgs/lib:/home/nikhilsai/bumperbot_ws/install/bumperbot_cpp_examples/lib:/usr/lib/x86_64-linux-gnu/gazebo-11/plugins:/opt/ros/humble/opt/rviz_ogre_vendor/lib:/opt/ros/humble/lib/x86_64-linux-gnu:/opt/ros/humble/lib /usr/bin/cmake --install /home/nikhilsai/bumperbot_ws/build/bumperbot_cpp_examples
