[0.012s] Invoking command in '/home/nikhilsai/bumperbot_ws/build/bumperbot_utils': CMAKE_PREFIX_PATH=${CMAKE_PREFIX_PATH}:/home/nikhilsai/bumperbot_ws/install/bumperbot_py_examples:/opt/ros/humble /usr/bin/cmake --build /home/nikhilsai/bumperbot_ws/build/bumperbot_utils -- -j28 -l28
[0.052s] [  0%] Built target ament_cmake_python_copy_bumperbot_utils
[0.053s] [100%] Built target safety_stop
[0.169s] running egg_info
[0.169s] writing bumperbot_utils.egg-info/PKG-INFO
[0.169s] writing dependency_links to bumperbot_utils.egg-info/dependency_links.txt
[0.169s] writing top-level names to bumperbot_utils.egg-info/top_level.txt
[0.170s] reading manifest file 'bumperbot_utils.egg-info/SOURCES.txt'
[0.171s] writing manifest file 'bumperbot_utils.egg-info/SOURCES.txt'
[0.187s] [100%] Built target ament_cmake_python_build_bumperbot_utils_egg
[0.197s] Invoked command in '/home/nikhilsai/bumperbot_ws/build/bumperbot_utils' returned '0': CMAKE_PREFIX_PATH=${CMAKE_PREFIX_PATH}:/home/nikhilsai/bumperbot_ws/install/bumperbot_py_examples:/opt/ros/humble /usr/bin/cmake --build /home/nikhilsai/bumperbot_ws/build/bumperbot_utils -- -j28 -l28
[0.198s] Invoking command in '/home/nikhilsai/bumperbot_ws/build/bumperbot_utils': CMAKE_PREFIX_PATH=${CMAKE_PREFIX_PATH}:/home/nikhilsai/bumperbot_ws/install/bumperbot_py_examples:/opt/ros/humble /usr/bin/cmake --install /home/nikhilsai/bumperbot_ws/build/bumperbot_utils
[0.202s] -- Install configuration: ""
[0.203s] -- Up-to-date: /home/nikhilsai/bumperbot_ws/install/bumperbot_utils/share/bumperbot_utils/environment/pythonpath.sh
[0.203s] -- Up-to-date: /home/nikhilsai/bumperbot_ws/install/bumperbot_utils/share/bumperbot_utils/environment/pythonpath.dsv
[0.203s] -- Up-to-date: /home/nikhilsai/bumperbot_ws/install/bumperbot_utils/local/lib/python3.10/dist-packages/bumperbot_utils-0.0.0-py3.10.egg-info
[0.203s] -- Installing: /home/nikhilsai/bumperbot_ws/install/bumperbot_utils/local/lib/python3.10/dist-packages/bumperbot_utils-0.0.0-py3.10.egg-info/PKG-INFO
[0.203s] -- Installing: /home/nikhilsai/bumperbot_ws/install/bumperbot_utils/local/lib/python3.10/dist-packages/bumperbot_utils-0.0.0-py3.10.egg-info/dependency_links.txt
[0.203s] -- Installing: /home/nikhilsai/bumperbot_ws/install/bumperbot_utils/local/lib/python3.10/dist-packages/bumperbot_utils-0.0.0-py3.10.egg-info/top_level.txt
[0.203s] -- Installing: /home/nikhilsai/bumperbot_ws/install/bumperbot_utils/local/lib/python3.10/dist-packages/bumperbot_utils-0.0.0-py3.10.egg-info/SOURCES.txt
[0.203s] -- Up-to-date: /home/nikhilsai/bumperbot_ws/install/bumperbot_utils/local/lib/python3.10/dist-packages/bumperbot_utils
[0.203s] -- Up-to-date: /home/nikhilsai/bumperbot_ws/install/bumperbot_utils/local/lib/python3.10/dist-packages/bumperbot_utils/safety_stop.py
[0.204s] -- Up-to-date: /home/nikhilsai/bumperbot_ws/install/bumperbot_utils/local/lib/python3.10/dist-packages/bumperbot_utils/__init__.py
[0.219s] Listing '/home/nikhilsai/bumperbot_ws/install/bumperbot_utils/local/lib/python3.10/dist-packages/bumperbot_utils'...
[0.221s] -- Up-to-date: /home/nikhilsai/bumperbot_ws/install/bumperbot_utils/lib/bumperbot_utils/safety_stop
[0.221s] -- Up-to-date: /home/nikhilsai/bumperbot_ws/install/bumperbot_utils/lib/bumperbot_utils/safety_stop.py
[0.221s] -- Up-to-date: /home/nikhilsai/bumperbot_ws/install/bumperbot_utils/share/ament_index/resource_index/package_run_dependencies/bumperbot_utils
[0.221s] -- Up-to-date: /home/nikhilsai/bumperbot_ws/install/bumperbot_utils/share/ament_index/resource_index/parent_prefix_path/bumperbot_utils
[0.221s] -- Up-to-date: /home/nikhilsai/bumperbot_ws/install/bumperbot_utils/share/bumperbot_utils/environment/ament_prefix_path.sh
[0.221s] -- Up-to-date: /home/nikhilsai/bumperbot_ws/install/bumperbot_utils/share/bumperbot_utils/environment/ament_prefix_path.dsv
[0.221s] -- Up-to-date: /home/nikhilsai/bumperbot_ws/install/bumperbot_utils/share/bumperbot_utils/environment/path.sh
[0.221s] -- Up-to-date: /home/nikhilsai/bumperbot_ws/install/bumperbot_utils/share/bumperbot_utils/environment/path.dsv
[0.221s] -- Up-to-date: /home/nikhilsai/bumperbot_ws/install/bumperbot_utils/share/bumperbot_utils/local_setup.bash
[0.221s] -- Up-to-date: /home/nikhilsai/bumperbot_ws/install/bumperbot_utils/share/bumperbot_utils/local_setup.sh
[0.221s] -- Up-to-date: /home/nikhilsai/bumperbot_ws/install/bumperbot_utils/share/bumperbot_utils/local_setup.zsh
[0.221s] -- Up-to-date: /home/nikhilsai/bumperbot_ws/install/bumperbot_utils/share/bumperbot_utils/local_setup.dsv
[0.221s] -- Installing: /home/nikhilsai/bumperbot_ws/install/bumperbot_utils/share/bumperbot_utils/package.dsv
[0.222s] -- Up-to-date: /home/nikhilsai/bumperbot_ws/install/bumperbot_utils/share/ament_index/resource_index/packages/bumperbot_utils
[0.222s] -- Up-to-date: /home/nikhilsai/bumperbot_ws/install/bumperbot_utils/share/bumperbot_utils/cmake/bumperbot_utilsConfig.cmake
[0.222s] -- Up-to-date: /home/nikhilsai/bumperbot_ws/install/bumperbot_utils/share/bumperbot_utils/cmake/bumperbot_utilsConfig-version.cmake
[0.222s] -- Up-to-date: /home/nikhilsai/bumperbot_ws/install/bumperbot_utils/share/bumperbot_utils/package.xml
[0.230s] Invoked command in '/home/nikhilsai/bumperbot_ws/build/bumperbot_utils' returned '0': CMAKE_PREFIX_PATH=${CMAKE_PREFIX_PATH}:/home/nikhilsai/bumperbot_ws/install/bumperbot_py_examples:/opt/ros/humble /usr/bin/cmake --install /home/nikhilsai/bumperbot_ws/build/bumperbot_utils
