[0.013s] Invoking command in '/home/nikhilsai/bumperbot_ws/build/bumperbot_controller': CMAKE_PREFIX_PATH=${CMAKE_PREFIX_PATH}:/home/nikhilsai/bumperbot_ws/install/bumperbot_py_examples:/opt/ros/humble /usr/bin/cmake --build /home/nikhilsai/bumperbot_ws/build/bumperbot_controller -- -j28 -l28
[0.069s] [  0%] Built target ament_cmake_python_copy_bumperbot_controller
[0.075s] [ 16%] [32m[1mLinking CXX executable noisy_controller[0m
[0.080s] [ 33%] [32m[1mLinking CXX executable twist_relay[0m
[0.081s] [ 50%] [32m[1mLinking CXX executable simple_controller[0m
[0.330s] running egg_info
[0.331s] writing bumperbot_controller.egg-info/PKG-INFO
[0.331s] writing dependency_links to bumperbot_controller.egg-info/dependency_links.txt
[0.331s] writing top-level names to bumperbot_controller.egg-info/top_level.txt
[0.333s] reading manifest file 'bumperbot_controller.egg-info/SOURCES.txt'
[0.334s] writing manifest file 'bumperbot_controller.egg-info/SOURCES.txt'
[0.366s] [ 50%] Built target ament_cmake_python_build_bumperbot_controller_egg
[0.389s] [ 66%] Built target noisy_controller
[0.417s] [ 83%] Built target twist_relay
[0.522s] [100%] Built target simple_controller
[0.680s] Invoked command in '/home/nikhilsai/bumperbot_ws/build/bumperbot_controller' returned '0': CMAKE_PREFIX_PATH=${CMAKE_PREFIX_PATH}:/home/nikhilsai/bumperbot_ws/install/bumperbot_py_examples:/opt/ros/humble /usr/bin/cmake --build /home/nikhilsai/bumperbot_ws/build/bumperbot_controller -- -j28 -l28
[0.682s] Invoking command in '/home/nikhilsai/bumperbot_ws/build/bumperbot_controller': CMAKE_PREFIX_PATH=${CMAKE_PREFIX_PATH}:/home/nikhilsai/bumperbot_ws/install/bumperbot_py_examples:/opt/ros/humble /usr/bin/cmake --install /home/nikhilsai/bumperbot_ws/build/bumperbot_controller
[0.689s] -- Install configuration: ""
[0.689s] -- Up-to-date: /home/nikhilsai/bumperbot_ws/install/bumperbot_controller/share/bumperbot_controller/environment/pythonpath.sh
[0.689s] -- Up-to-date: /home/nikhilsai/bumperbot_ws/install/bumperbot_controller/share/bumperbot_controller/environment/pythonpath.dsv
[0.689s] -- Up-to-date: /home/nikhilsai/bumperbot_ws/install/bumperbot_controller/local/lib/python3.10/dist-packages/bumperbot_controller-0.0.0-py3.10.egg-info
[0.689s] -- Installing: /home/nikhilsai/bumperbot_ws/install/bumperbot_controller/local/lib/python3.10/dist-packages/bumperbot_controller-0.0.0-py3.10.egg-info/PKG-INFO
[0.689s] -- Installing: /home/nikhilsai/bumperbot_ws/install/bumperbot_controller/local/lib/python3.10/dist-packages/bumperbot_controller-0.0.0-py3.10.egg-info/dependency_links.txt
[0.689s] -- Installing: /home/nikhilsai/bumperbot_ws/install/bumperbot_controller/local/lib/python3.10/dist-packages/bumperbot_controller-0.0.0-py3.10.egg-info/top_level.txt
[0.689s] -- Installing: /home/nikhilsai/bumperbot_ws/install/bumperbot_controller/local/lib/python3.10/dist-packages/bumperbot_controller-0.0.0-py3.10.egg-info/SOURCES.txt
[0.689s] -- Up-to-date: /home/nikhilsai/bumperbot_ws/install/bumperbot_controller/local/lib/python3.10/dist-packages/bumperbot_controller
[0.689s] -- Up-to-date: /home/nikhilsai/bumperbot_ws/install/bumperbot_controller/local/lib/python3.10/dist-packages/bumperbot_controller/noisy_controller.py
[0.689s] -- Up-to-date: /home/nikhilsai/bumperbot_ws/install/bumperbot_controller/local/lib/python3.10/dist-packages/bumperbot_controller/simple_controller.py
[0.689s] -- Up-to-date: /home/nikhilsai/bumperbot_ws/install/bumperbot_controller/local/lib/python3.10/dist-packages/bumperbot_controller/twist_relay.py
[0.689s] -- Up-to-date: /home/nikhilsai/bumperbot_ws/install/bumperbot_controller/local/lib/python3.10/dist-packages/bumperbot_controller/__init__.py
[0.716s] Listing '/home/nikhilsai/bumperbot_ws/install/bumperbot_controller/local/lib/python3.10/dist-packages/bumperbot_controller'...
[0.719s] -- Up-to-date: /home/nikhilsai/bumperbot_ws/install/bumperbot_controller/include/include
[0.719s] -- Up-to-date: /home/nikhilsai/bumperbot_ws/install/bumperbot_controller/include/include/bumperbot_controller
[0.719s] -- Up-to-date: /home/nikhilsai/bumperbot_ws/install/bumperbot_controller/include/include/bumperbot_controller/simple_controller.hpp
[0.719s] -- Up-to-date: /home/nikhilsai/bumperbot_ws/install/bumperbot_controller/include/include/bumperbot_controller/noisy_controller.hpp
[0.719s] -- Installing: /home/nikhilsai/bumperbot_ws/install/bumperbot_controller/lib/bumperbot_controller/simple_controller
[0.724s] -- Set runtime path of "/home/nikhilsai/bumperbot_ws/install/bumperbot_controller/lib/bumperbot_controller/simple_controller" to ""
[0.724s] -- Installing: /home/nikhilsai/bumperbot_ws/install/bumperbot_controller/lib/bumperbot_controller/noisy_controller
[0.728s] -- Set runtime path of "/home/nikhilsai/bumperbot_ws/install/bumperbot_controller/lib/bumperbot_controller/noisy_controller" to ""
[0.728s] -- Installing: /home/nikhilsai/bumperbot_ws/install/bumperbot_controller/lib/bumperbot_controller/twist_relay
[0.733s] -- Set runtime path of "/home/nikhilsai/bumperbot_ws/install/bumperbot_controller/lib/bumperbot_controller/twist_relay" to ""
[0.733s] -- Up-to-date: /home/nikhilsai/bumperbot_ws/install/bumperbot_controller/share/bumperbot_controller/launch
[0.733s] -- Up-to-date: /home/nikhilsai/bumperbot_ws/install/bumperbot_controller/share/bumperbot_controller/launch/joystick_teleop.launch.py
[0.733s] -- Up-to-date: /home/nikhilsai/bumperbot_ws/install/bumperbot_controller/share/bumperbot_controller/launch/controller.launch.py
[0.733s] -- Up-to-date: /home/nikhilsai/bumperbot_ws/install/bumperbot_controller/share/bumperbot_controller/config
[0.733s] -- Up-to-date: /home/nikhilsai/bumperbot_ws/install/bumperbot_controller/share/bumperbot_controller/config/twist_mux_joy.yaml
[0.734s] -- Up-to-date: /home/nikhilsai/bumperbot_ws/install/bumperbot_controller/share/bumperbot_controller/config/twist_mux_topics.yaml
[0.734s] -- Up-to-date: /home/nikhilsai/bumperbot_ws/install/bumperbot_controller/share/bumperbot_controller/config/twist_mux_locks.yaml
[0.734s] -- Up-to-date: /home/nikhilsai/bumperbot_ws/install/bumperbot_controller/share/bumperbot_controller/config/bumperbot_controllers.yaml
[0.734s] -- Up-to-date: /home/nikhilsai/bumperbot_ws/install/bumperbot_controller/share/bumperbot_controller/config/joy_teleop.yaml
[0.734s] -- Up-to-date: /home/nikhilsai/bumperbot_ws/install/bumperbot_controller/share/bumperbot_controller/config/joy_config.yaml
[0.734s] -- Up-to-date: /home/nikhilsai/bumperbot_ws/install/bumperbot_controller/lib/bumperbot_controller/simple_controller.py
[0.734s] -- Up-to-date: /home/nikhilsai/bumperbot_ws/install/bumperbot_controller/lib/bumperbot_controller/noisy_controller.py
[0.734s] -- Up-to-date: /home/nikhilsai/bumperbot_ws/install/bumperbot_controller/lib/bumperbot_controller/twist_relay.py
[0.735s] -- Up-to-date: /home/nikhilsai/bumperbot_ws/install/bumperbot_controller/share/ament_index/resource_index/package_run_dependencies/bumperbot_controller
[0.735s] -- Up-to-date: /home/nikhilsai/bumperbot_ws/install/bumperbot_controller/share/ament_index/resource_index/parent_prefix_path/bumperbot_controller
[0.735s] -- Up-to-date: /home/nikhilsai/bumperbot_ws/install/bumperbot_controller/share/bumperbot_controller/environment/ament_prefix_path.sh
[0.735s] -- Up-to-date: /home/nikhilsai/bumperbot_ws/install/bumperbot_controller/share/bumperbot_controller/environment/ament_prefix_path.dsv
[0.735s] -- Up-to-date: /home/nikhilsai/bumperbot_ws/install/bumperbot_controller/share/bumperbot_controller/environment/path.sh
[0.735s] -- Up-to-date: /home/nikhilsai/bumperbot_ws/install/bumperbot_controller/share/bumperbot_controller/environment/path.dsv
[0.735s] -- Up-to-date: /home/nikhilsai/bumperbot_ws/install/bumperbot_controller/share/bumperbot_controller/local_setup.bash
[0.735s] -- Up-to-date: /home/nikhilsai/bumperbot_ws/install/bumperbot_controller/share/bumperbot_controller/local_setup.sh
[0.735s] -- Up-to-date: /home/nikhilsai/bumperbot_ws/install/bumperbot_controller/share/bumperbot_controller/local_setup.zsh
[0.735s] -- Up-to-date: /home/nikhilsai/bumperbot_ws/install/bumperbot_controller/share/bumperbot_controller/local_setup.dsv
[0.735s] -- Installing: /home/nikhilsai/bumperbot_ws/install/bumperbot_controller/share/bumperbot_controller/package.dsv
[0.735s] -- Up-to-date: /home/nikhilsai/bumperbot_ws/install/bumperbot_controller/share/ament_index/resource_index/packages/bumperbot_controller
[0.735s] -- Up-to-date: /home/nikhilsai/bumperbot_ws/install/bumperbot_controller/share/bumperbot_controller/cmake/bumperbot_controllerConfig.cmake
[0.735s] -- Up-to-date: /home/nikhilsai/bumperbot_ws/install/bumperbot_controller/share/bumperbot_controller/cmake/bumperbot_controllerConfig-version.cmake
[0.735s] -- Up-to-date: /home/nikhilsai/bumperbot_ws/install/bumperbot_controller/share/bumperbot_controller/package.xml
[0.737s] Invoked command in '/home/nikhilsai/bumperbot_ws/build/bumperbot_controller' returned '0': CMAKE_PREFIX_PATH=${CMAKE_PREFIX_PATH}:/home/nikhilsai/bumperbot_ws/install/bumperbot_py_examples:/opt/ros/humble /usr/bin/cmake --install /home/nikhilsai/bumperbot_ws/build/bumperbot_controller
