[0.011s] Invoking command in '/home/nikhilsai/bumperbot_ws/build/bumperbot_utils': CMAKE_PREFIX_PATH=/opt/ros/humble /usr/bin/cmake /home/nikhilsai/bumperbot_ws/src/bumperbot_utils -DCMAKE_INSTALL_PREFIX=/home/nikhilsai/bumperbot_ws/install/bumperbot_utils
[0.040s] -- The C compiler identification is GNU 11.4.0
[0.085s] -- The CXX compiler identification is GNU 11.4.0
[0.090s] -- Detecting C compiler ABI info
[0.141s] -- Detecting C compiler ABI info - done
[0.148s] -- Check for working C compiler: /usr/bin/cc - skipped
[0.149s] -- Detecting C compile features
[0.149s] -- Detecting C compile features - done
[0.151s] -- Detecting CXX compiler ABI info
[0.206s] -- Detecting CXX compiler ABI info - done
[0.211s] -- Check for working CXX compiler: /usr/bin/c++ - skipped
[0.211s] -- Detecting CXX compile features
[0.211s] -- Detecting CXX compile features - done
[0.212s] -- Found ament_cmake: 1.3.11 (/opt/ros/humble/share/ament_cmake/cmake)
[0.320s] -- Found Python3: /usr/bin/python3 (found version "3.10.12") found components: Interpreter 
[0.386s] -- Found rclcpp: 16.0.11 (/opt/ros/humble/share/rclcpp/cmake)
[0.416s] -- Found rosidl_generator_c: 3.1.6 (/opt/ros/humble/share/rosidl_generator_c/cmake)
[0.419s] -- Found rosidl_adapter: 3.1.6 (/opt/ros/humble/share/rosidl_adapter/cmake)
[0.425s] -- Found rosidl_generator_cpp: 3.1.6 (/opt/ros/humble/share/rosidl_generator_cpp/cmake)
[0.434s] -- Using all available rosidl_typesupport_c: rosidl_typesupport_fastrtps_c;rosidl_typesupport_introspection_c
[0.446s] -- Using all available rosidl_typesupport_cpp: rosidl_typesupport_fastrtps_cpp;rosidl_typesupport_introspection_cpp
[0.478s] -- Found rmw_implementation_cmake: 6.1.2 (/opt/ros/humble/share/rmw_implementation_cmake/cmake)
[0.480s] -- Found rmw_fastrtps_cpp: 6.2.7 (/opt/ros/humble/share/rmw_fastrtps_cpp/cmake)
[0.555s] -- Found OpenSSL: /usr/lib/x86_64-linux-gnu/libcrypto.so (found version "3.0.2")  
[0.585s] -- Found FastRTPS: /opt/ros/humble/include  
[0.630s] -- Using RMW implementation 'rmw_fastrtps_cpp' as default
[0.638s] -- Looking for pthread.h
[0.706s] -- Looking for pthread.h - found
[0.706s] -- Performing Test CMAKE_HAVE_LIBC_PTHREAD
[0.771s] -- Performing Test CMAKE_HAVE_LIBC_PTHREAD - Success
[0.773s] -- Found Threads: TRUE  
[0.812s] -- Found rclpy: 3.3.15 (/opt/ros/humble/share/rclpy/cmake)
[0.814s] -- Found geometry_msgs: 4.2.4 (/opt/ros/humble/share/geometry_msgs/cmake)
[0.824s] -- Found sensor_msgs: 4.2.4 (/opt/ros/humble/share/sensor_msgs/cmake)
[0.839s] -- Found twist_mux_msgs: 3.0.1 (/opt/ros/humble/share/twist_mux_msgs/cmake)
[0.876s] -- Found rclcpp_action: 16.0.11 (/opt/ros/humble/share/rclcpp_action/cmake)
[0.885s] -- Found visualization_msgs: 4.2.4 (/opt/ros/humble/share/visualization_msgs/cmake)
[1.030s] -- Configuring done
[1.038s] -- Generating done
[1.041s] -- Build files have been written to: /home/nikhilsai/bumperbot_ws/build/bumperbot_utils
[1.050s] Invoked command in '/home/nikhilsai/bumperbot_ws/build/bumperbot_utils' returned '0': CMAKE_PREFIX_PATH=/opt/ros/humble /usr/bin/cmake /home/nikhilsai/bumperbot_ws/src/bumperbot_utils -DCMAKE_INSTALL_PREFIX=/home/nikhilsai/bumperbot_ws/install/bumperbot_utils
[1.051s] Invoking command in '/home/nikhilsai/bumperbot_ws/build/bumperbot_utils': CMAKE_PREFIX_PATH=/opt/ros/humble /usr/bin/cmake --build /home/nikhilsai/bumperbot_ws/build/bumperbot_utils -- -j28 -l28
[1.097s] [ 50%] [32mBuilding CXX object CMakeFiles/safety_stop.dir/src/safety_stop.cpp.o[0m
[1.104s] [ 50%] Built target ament_cmake_python_copy_bumperbot_utils
[1.437s] running egg_info
[1.438s] creating bumperbot_utils.egg-info
[1.438s] writing bumperbot_utils.egg-info/PKG-INFO
[1.439s] writing dependency_links to bumperbot_utils.egg-info/dependency_links.txt
[1.439s] writing top-level names to bumperbot_utils.egg-info/top_level.txt
[1.439s] writing manifest file 'bumperbot_utils.egg-info/SOURCES.txt'
[1.442s] reading manifest file 'bumperbot_utils.egg-info/SOURCES.txt'
[1.442s] writing manifest file 'bumperbot_utils.egg-info/SOURCES.txt'
[1.475s] [ 50%] Built target ament_cmake_python_build_bumperbot_utils_egg
[12.313s] [100%] [32m[1mLinking CXX executable safety_stop[0m
[12.872s] [100%] Built target safety_stop
[12.885s] Invoked command in '/home/nikhilsai/bumperbot_ws/build/bumperbot_utils' returned '0': CMAKE_PREFIX_PATH=/opt/ros/humble /usr/bin/cmake --build /home/nikhilsai/bumperbot_ws/build/bumperbot_utils -- -j28 -l28
[12.886s] Invoking command in '/home/nikhilsai/bumperbot_ws/build/bumperbot_utils': CMAKE_PREFIX_PATH=/opt/ros/humble /usr/bin/cmake --install /home/nikhilsai/bumperbot_ws/build/bumperbot_utils
[12.895s] -- Install configuration: ""
[12.895s] -- Installing: /home/nikhilsai/bumperbot_ws/install/bumperbot_utils/share/bumperbot_utils/environment/pythonpath.sh
[12.895s] -- Installing: /home/nikhilsai/bumperbot_ws/install/bumperbot_utils/share/bumperbot_utils/environment/pythonpath.dsv
[12.895s] -- Installing: /home/nikhilsai/bumperbot_ws/install/bumperbot_utils/local/lib/python3.10/dist-packages/bumperbot_utils-0.0.0-py3.10.egg-info
[12.896s] -- Installing: /home/nikhilsai/bumperbot_ws/install/bumperbot_utils/local/lib/python3.10/dist-packages/bumperbot_utils-0.0.0-py3.10.egg-info/PKG-INFO
[12.896s] -- Installing: /home/nikhilsai/bumperbot_ws/install/bumperbot_utils/local/lib/python3.10/dist-packages/bumperbot_utils-0.0.0-py3.10.egg-info/dependency_links.txt
[12.896s] -- Installing: /home/nikhilsai/bumperbot_ws/install/bumperbot_utils/local/lib/python3.10/dist-packages/bumperbot_utils-0.0.0-py3.10.egg-info/top_level.txt
[12.896s] -- Installing: /home/nikhilsai/bumperbot_ws/install/bumperbot_utils/local/lib/python3.10/dist-packages/bumperbot_utils-0.0.0-py3.10.egg-info/SOURCES.txt
[12.896s] -- Installing: /home/nikhilsai/bumperbot_ws/install/bumperbot_utils/local/lib/python3.10/dist-packages/bumperbot_utils
[12.896s] -- Installing: /home/nikhilsai/bumperbot_ws/install/bumperbot_utils/local/lib/python3.10/dist-packages/bumperbot_utils/safety_stop.py
[12.896s] -- Installing: /home/nikhilsai/bumperbot_ws/install/bumperbot_utils/local/lib/python3.10/dist-packages/bumperbot_utils/__init__.py
[12.931s] Listing '/home/nikhilsai/bumperbot_ws/install/bumperbot_utils/local/lib/python3.10/dist-packages/bumperbot_utils'...
[12.931s] Compiling '/home/nikhilsai/bumperbot_ws/install/bumperbot_utils/local/lib/python3.10/dist-packages/bumperbot_utils/__init__.py'...
[12.931s] Compiling '/home/nikhilsai/bumperbot_ws/install/bumperbot_utils/local/lib/python3.10/dist-packages/bumperbot_utils/safety_stop.py'...
[12.935s] -- Installing: /home/nikhilsai/bumperbot_ws/install/bumperbot_utils/lib/bumperbot_utils/safety_stop
[12.940s] -- Set runtime path of "/home/nikhilsai/bumperbot_ws/install/bumperbot_utils/lib/bumperbot_utils/safety_stop" to ""
[12.940s] -- Installing: /home/nikhilsai/bumperbot_ws/install/bumperbot_utils/lib/bumperbot_utils/safety_stop.py
[12.940s] -- Installing: /home/nikhilsai/bumperbot_ws/install/bumperbot_utils/share/ament_index/resource_index/package_run_dependencies/bumperbot_utils
[12.940s] -- Installing: /home/nikhilsai/bumperbot_ws/install/bumperbot_utils/share/ament_index/resource_index/parent_prefix_path/bumperbot_utils
[12.941s] -- Installing: /home/nikhilsai/bumperbot_ws/install/bumperbot_utils/share/bumperbot_utils/environment/ament_prefix_path.sh
[12.941s] -- Installing: /home/nikhilsai/bumperbot_ws/install/bumperbot_utils/share/bumperbot_utils/environment/ament_prefix_path.dsv
[12.941s] -- Installing: /home/nikhilsai/bumperbot_ws/install/bumperbot_utils/share/bumperbot_utils/environment/path.sh
[12.941s] -- Installing: /home/nikhilsai/bumperbot_ws/install/bumperbot_utils/share/bumperbot_utils/environment/path.dsv
[12.941s] -- Installing: /home/nikhilsai/bumperbot_ws/install/bumperbot_utils/share/bumperbot_utils/local_setup.bash
[12.941s] -- Installing: /home/nikhilsai/bumperbot_ws/install/bumperbot_utils/share/bumperbot_utils/local_setup.sh
[12.941s] -- Installing: /home/nikhilsai/bumperbot_ws/install/bumperbot_utils/share/bumperbot_utils/local_setup.zsh
[12.941s] -- Installing: /home/nikhilsai/bumperbot_ws/install/bumperbot_utils/share/bumperbot_utils/local_setup.dsv
[12.941s] -- Installing: /home/nikhilsai/bumperbot_ws/install/bumperbot_utils/share/bumperbot_utils/package.dsv
[12.941s] -- Installing: /home/nikhilsai/bumperbot_ws/install/bumperbot_utils/share/ament_index/resource_index/packages/bumperbot_utils
[12.942s] -- Installing: /home/nikhilsai/bumperbot_ws/install/bumperbot_utils/share/bumperbot_utils/cmake/bumperbot_utilsConfig.cmake
[12.942s] -- Installing: /home/nikhilsai/bumperbot_ws/install/bumperbot_utils/share/bumperbot_utils/cmake/bumperbot_utilsConfig-version.cmake
[12.942s] -- Installing: /home/nikhilsai/bumperbot_ws/install/bumperbot_utils/share/bumperbot_utils/package.xml
[12.945s] Invoked command in '/home/nikhilsai/bumperbot_ws/build/bumperbot_utils' returned '0': CMAKE_PREFIX_PATH=/opt/ros/humble /usr/bin/cmake --install /home/nikhilsai/bumperbot_ws/build/bumperbot_utils
